This file contains any messages produced by compilers while
running configure, to aid debugging if configure makes a mistake.

It was created by GnuCOBOL configure 3.0-rc1, which was
generated by GNU Autoconf 2.69.  Invocation command line was

  $ ./configure --without-db

## --------- ##
## Platform. ##
## --------- ##

hostname = ip-10-0-1-244.us-west-2.compute.internal
uname -m = x86_64
uname -r = 3.10.0-862.3.2.el7.x86_64
uname -s = Linux
uname -v = #1 SMP Mon May 21 23:36:36 UTC 2018

/usr/bin/uname -p = x86_64
/bin/uname -X     = unknown

/bin/arch              = x86_64
/usr/bin/arch -k       = unknown
/usr/convex/getsysinfo = unknown
/usr/bin/hostinfo      = unknown
/bin/machine           = unknown
/usr/bin/oslevel       = unknown
/bin/universe          = unknown

PATH: /sbin
PATH: /bin
PATH: /usr/sbin
PATH: /usr/bin


## ----------- ##
## Core tests. ##
## ----------- ##

configure:2475: checking for a BSD-compatible install
configure:2543: result: /bin/install -c
configure:2554: checking whether build environment is sane
configure:2609: result: yes
configure:2760: checking for a thread-safe mkdir -p
configure:2799: result: /bin/mkdir -p
configure:2806: checking for gawk
configure:2822: found /bin/gawk
configure:2833: result: gawk
configure:2844: checking whether make sets $(MAKE)
configure:2866: result: yes
configure:2895: checking whether make supports nested variables
configure:2912: result: yes
configure:3089: checking whether CFLAGS can be modified
configure:3096: result: yes
configure:3260: checking for gcc
configure:3276: found /bin/gcc
configure:3287: result: gcc
configure:3318: checking for C compiler version
configure:3327: gcc --version >&5
gcc (GCC) 4.8.5 20150623 (Red Hat 4.8.5-36)
Copyright (C) 2015 Free Software Foundation, Inc.
This is free software; see the source for copying conditions.  There is NO
warranty; not even for MERCHANTABILITY or FITNESS FOR A PARTICULAR PURPOSE.

configure:3338: $? = 0
configure:3327: gcc -v >&5
Using built-in specs.
COLLECT_GCC=gcc
COLLECT_LTO_WRAPPER=/usr/libexec/gcc/x86_64-redhat-linux/4.8.5/lto-wrapper
Target: x86_64-redhat-linux
Configured with: ../configure --prefix=/usr --mandir=/usr/share/man --infodir=/usr/share/info --with-bugurl=http://bugzilla.redhat.com/bugzilla --enable-bootstrap --enable-shared --enable-threads=posix --enable-checking=release --with-system-zlib --enable-__cxa_atexit --disable-libunwind-exceptions --enable-gnu-unique-object --enable-linker-build-id --with-linker-hash-style=gnu --enable-languages=c,c++,objc,obj-c++,java,fortran,ada,go,lto --enable-plugin --enable-initfini-array --disable-libgcj --with-isl=/builddir/build/BUILD/gcc-4.8.5-20150702/obj-x86_64-redhat-linux/isl-install --with-cloog=/builddir/build/BUILD/gcc-4.8.5-20150702/obj-x86_64-redhat-linux/cloog-install --enable-gnu-indirect-function --with-tune=generic --with-arch_32=x86-64 --build=x86_64-redhat-linux
Thread model: posix
gcc version 4.8.5 20150623 (Red Hat 4.8.5-36) (GCC) 
configure:3338: $? = 0
configure:3327: gcc -V >&5
gcc: error: unrecognized command line option '-V'
gcc: fatal error: no input files
compilation terminated.
configure:3338: $? = 4
configure:3327: gcc -qversion >&5
gcc: error: unrecognized command line option '-qversion'
gcc: fatal error: no input files
compilation terminated.
configure:3338: $? = 4
configure:3358: checking whether the C compiler works
configure:3380: gcc    conftest.c  >&5
configure:3384: $? = 0
configure:3432: result: yes
configure:3435: checking for C compiler default output file name
configure:3437: result: a.out
configure:3443: checking for suffix of executables
configure:3450: gcc -o conftest    conftest.c  >&5
configure:3454: $? = 0
configure:3476: result: 
configure:3498: checking whether we are cross compiling
configure:3506: gcc -o conftest    conftest.c  >&5
configure:3510: $? = 0
configure:3517: ./conftest
configure:3521: $? = 0
configure:3536: result: no
configure:3541: checking for suffix of object files
configure:3563: gcc -c   conftest.c >&5
configure:3567: $? = 0
configure:3588: result: o
configure:3592: checking whether we are using the GNU C compiler
configure:3611: gcc -c   conftest.c >&5
configure:3611: $? = 0
configure:3620: result: yes
configure:3629: checking whether gcc accepts -g
configure:3649: gcc -c -g  conftest.c >&5
configure:3649: $? = 0
configure:3690: result: yes
configure:3707: checking for gcc option to accept ISO C89
configure:3770: gcc  -c -g -O2  conftest.c >&5
configure:3770: $? = 0
configure:3783: result: none needed
configure:3808: checking whether gcc understands -c and -o together
configure:3830: gcc -c conftest.c -o conftest2.o
configure:3833: $? = 0
configure:3830: gcc -c conftest.c -o conftest2.o
configure:3833: $? = 0
configure:3845: result: yes
configure:3873: checking for style of include used by make
configure:3901: result: GNU
configure:3927: checking dependency style of gcc
configure:4038: result: gcc3
configure:4057: checking for gcc option to accept ISO C99
configure:4206: gcc  -c -g -O2  conftest.c >&5
conftest.c:63:29: error: expected ';', ',' or ')' before 'text'
 test_restrict (ccp restrict text)
                             ^
conftest.c: In function 'main':
conftest.c:117:18: error: expected '=', ',', ';', 'asm' or '__attribute__' before 'newvar'
   char *restrict newvar = "Another string";
                  ^
conftest.c:117:18: error: 'newvar' undeclared (first use in this function)
conftest.c:117:18: note: each undeclared identifier is reported only once for each function it appears in
conftest.c:127:3: error: 'for' loop initial declarations are only allowed in C99 mode
   for (int i = 0; i < ia->datasize; ++i)
   ^
conftest.c:127:3: note: use option -std=c99 or -std=gnu99 to compile your code
configure:4206: $? = 1
configure: failed program was:
| /* confdefs.h */
| #define PACKAGE_NAME "GnuCOBOL"
| #define PACKAGE_TARNAME "gnucobol"
| #define PACKAGE_VERSION "3.0-rc1"
| #define PACKAGE_STRING "GnuCOBOL 3.0-rc1"
| #define PACKAGE_BUGREPORT "bug-gnucobol@gnu.org"
| #define PACKAGE_URL "https://www.gnu.org/software/gnucobol/"
| #define PACKAGE "gnucobol"
| #define VERSION "3.0-rc1"
| #define PATCH_LEVEL 0
| #define MAX_CALL_FIELD_PARAMS 192
| /* end confdefs.h.  */
| #include <stdarg.h>
| #include <stdbool.h>
| #include <stdlib.h>
| #include <wchar.h>
| #include <stdio.h>
| 
| // Check varargs macros.  These examples are taken from C99 6.10.3.5.
| #define debug(...) fprintf (stderr, __VA_ARGS__)
| #define showlist(...) puts (#__VA_ARGS__)
| #define report(test,...) ((test) ? puts (#test) : printf (__VA_ARGS__))
| static void
| test_varargs_macros (void)
| {
|   int x = 1234;
|   int y = 5678;
|   debug ("Flag");
|   debug ("X = %d\n", x);
|   showlist (The first, second, and third items.);
|   report (x>y, "x is %d but y is %d", x, y);
| }
| 
| // Check long long types.
| #define BIG64 18446744073709551615ull
| #define BIG32 4294967295ul
| #define BIG_OK (BIG64 / BIG32 == 4294967297ull && BIG64 % BIG32 == 0)
| #if !BIG_OK
|   your preprocessor is broken;
| #endif
| #if BIG_OK
| #else
|   your preprocessor is broken;
| #endif
| static long long int bignum = -9223372036854775807LL;
| static unsigned long long int ubignum = BIG64;
| 
| struct incomplete_array
| {
|   int datasize;
|   double data[];
| };
| 
| struct named_init {
|   int number;
|   const wchar_t *name;
|   double average;
| };
| 
| typedef const char *ccp;
| 
| static inline int
| test_restrict (ccp restrict text)
| {
|   // See if C++-style comments work.
|   // Iterate through items via the restricted pointer.
|   // Also check for declarations in for loops.
|   for (unsigned int i = 0; *(text+i) != '\0'; ++i)
|     continue;
|   return 0;
| }
| 
| // Check varargs and va_copy.
| static void
| test_varargs (const char *format, ...)
| {
|   va_list args;
|   va_start (args, format);
|   va_list args_copy;
|   va_copy (args_copy, args);
| 
|   const char *str;
|   int number;
|   float fnumber;
| 
|   while (*format)
|     {
|       switch (*format++)
| 	{
| 	case 's': // string
| 	  str = va_arg (args_copy, const char *);
| 	  break;
| 	case 'd': // int
| 	  number = va_arg (args_copy, int);
| 	  break;
| 	case 'f': // float
| 	  fnumber = va_arg (args_copy, double);
| 	  break;
| 	default:
| 	  break;
| 	}
|     }
|   va_end (args_copy);
|   va_end (args);
| }
| 
| int
| main ()
| {
| 
|   // Check bool.
|   _Bool success = false;
| 
|   // Check restrict.
|   if (test_restrict ("String literal") == 0)
|     success = true;
|   char *restrict newvar = "Another string";
| 
|   // Check varargs.
|   test_varargs ("s, d' f .", "string", 65, 34.234);
|   test_varargs_macros ();
| 
|   // Check flexible array members.
|   struct incomplete_array *ia =
|     malloc (sizeof (struct incomplete_array) + (sizeof (double) * 10));
|   ia->datasize = 10;
|   for (int i = 0; i < ia->datasize; ++i)
|     ia->data[i] = i * 1.234;
| 
|   // Check named initializers.
|   struct named_init ni = {
|     .number = 34,
|     .name = L"Test wide string",
|     .average = 543.34343,
|   };
| 
|   ni.number = 58;
| 
|   int dynamic_array[ni.number];
|   dynamic_array[ni.number - 1] = 543;
| 
|   // work around unused variable warnings
|   return (!success || bignum == 0LL || ubignum == 0uLL || newvar[0] == 'x'
| 	  || dynamic_array[ni.number - 1] != 543);
| 
|   ;
|   return 0;
| }
configure:4206: gcc -std=gnu99 -c -g -O2  conftest.c >&5
configure:4206: $? = 0
configure:4226: result: -std=gnu99
configure:4327: checking for gcc -std=gnu99 option to accept ISO Standard C
configure:4341: result: -std=gnu99
configure:4351: checking how to run the C preprocessor
configure:4382: gcc -std=gnu99 -E  conftest.c
configure:4382: $? = 0
configure:4396: gcc -std=gnu99 -E  conftest.c
conftest.c:13:28: fatal error: ac_nonexistent.h: No such file or directory
 #include <ac_nonexistent.h>
                            ^
compilation terminated.
configure:4396: $? = 1
configure: failed program was:
| /* confdefs.h */
| #define PACKAGE_NAME "GnuCOBOL"
| #define PACKAGE_TARNAME "gnucobol"
| #define PACKAGE_VERSION "3.0-rc1"
| #define PACKAGE_STRING "GnuCOBOL 3.0-rc1"
| #define PACKAGE_BUGREPORT "bug-gnucobol@gnu.org"
| #define PACKAGE_URL "https://www.gnu.org/software/gnucobol/"
| #define PACKAGE "gnucobol"
| #define VERSION "3.0-rc1"
| #define PATCH_LEVEL 0
| #define MAX_CALL_FIELD_PARAMS 192
| /* end confdefs.h.  */
| #include <ac_nonexistent.h>
configure:4421: result: gcc -std=gnu99 -E
configure:4441: gcc -std=gnu99 -E  conftest.c
configure:4441: $? = 0
configure:4455: gcc -std=gnu99 -E  conftest.c
conftest.c:13:28: fatal error: ac_nonexistent.h: No such file or directory
 #include <ac_nonexistent.h>
                            ^
compilation terminated.
configure:4455: $? = 1
configure: failed program was:
| /* confdefs.h */
| #define PACKAGE_NAME "GnuCOBOL"
| #define PACKAGE_TARNAME "gnucobol"
| #define PACKAGE_VERSION "3.0-rc1"
| #define PACKAGE_STRING "GnuCOBOL 3.0-rc1"
| #define PACKAGE_BUGREPORT "bug-gnucobol@gnu.org"
| #define PACKAGE_URL "https://www.gnu.org/software/gnucobol/"
| #define PACKAGE "gnucobol"
| #define VERSION "3.0-rc1"
| #define PATCH_LEVEL 0
| #define MAX_CALL_FIELD_PARAMS 192
| /* end confdefs.h.  */
| #include <ac_nonexistent.h>
configure:4486: checking for grep that handles long lines and -e
configure:4544: result: /bin/grep
configure:4549: checking for egrep
configure:4611: result: /bin/grep -E
configure:4616: checking for ANSI C header files
configure:4636: gcc -std=gnu99 -c -g -O2  conftest.c >&5
configure:4636: $? = 0
configure:4709: gcc -std=gnu99 -o conftest -g -O2   conftest.c  >&5
configure:4709: $? = 0
configure:4709: ./conftest
configure:4709: $? = 0
configure:4720: result: yes
configure:4733: checking for sys/types.h
configure:4733: gcc -std=gnu99 -c -g -O2  conftest.c >&5
configure:4733: $? = 0
configure:4733: result: yes
configure:4733: checking for sys/stat.h
configure:4733: gcc -std=gnu99 -c -g -O2  conftest.c >&5
configure:4733: $? = 0
configure:4733: result: yes
configure:4733: checking for stdlib.h
configure:4733: gcc -std=gnu99 -c -g -O2  conftest.c >&5
configure:4733: $? = 0
configure:4733: result: yes
configure:4733: checking for string.h
configure:4733: gcc -std=gnu99 -c -g -O2  conftest.c >&5
configure:4733: $? = 0
configure:4733: result: yes
configure:4733: checking for memory.h
configure:4733: gcc -std=gnu99 -c -g -O2  conftest.c >&5
configure:4733: $? = 0
configure:4733: result: yes
configure:4733: checking for strings.h
configure:4733: gcc -std=gnu99 -c -g -O2  conftest.c >&5
configure:4733: $? = 0
configure:4733: result: yes
configure:4733: checking for inttypes.h
configure:4733: gcc -std=gnu99 -c -g -O2  conftest.c >&5
configure:4733: $? = 0
configure:4733: result: yes
configure:4733: checking for stdint.h
configure:4733: gcc -std=gnu99 -c -g -O2  conftest.c >&5
configure:4733: $? = 0
configure:4733: result: yes
configure:4733: checking for unistd.h
configure:4733: gcc -std=gnu99 -c -g -O2  conftest.c >&5
configure:4733: $? = 0
configure:4733: result: yes
configure:4746: checking minix/config.h usability
configure:4746: gcc -std=gnu99 -c -g -O2  conftest.c >&5
conftest.c:56:26: fatal error: minix/config.h: No such file or directory
 #include <minix/config.h>
                          ^
compilation terminated.
configure:4746: $? = 1
configure: failed program was:
| /* confdefs.h */
| #define PACKAGE_NAME "GnuCOBOL"
| #define PACKAGE_TARNAME "gnucobol"
| #define PACKAGE_VERSION "3.0-rc1"
| #define PACKAGE_STRING "GnuCOBOL 3.0-rc1"
| #define PACKAGE_BUGREPORT "bug-gnucobol@gnu.org"
| #define PACKAGE_URL "https://www.gnu.org/software/gnucobol/"
| #define PACKAGE "gnucobol"
| #define VERSION "3.0-rc1"
| #define PATCH_LEVEL 0
| #define MAX_CALL_FIELD_PARAMS 192
| #define STDC_HEADERS 1
| #define HAVE_SYS_TYPES_H 1
| #define HAVE_SYS_STAT_H 1
| #define HAVE_STDLIB_H 1
| #define HAVE_STRING_H 1
| #define HAVE_MEMORY_H 1
| #define HAVE_STRINGS_H 1
| #define HAVE_INTTYPES_H 1
| #define HAVE_STDINT_H 1
| #define HAVE_UNISTD_H 1
| /* end confdefs.h.  */
| #include <stdio.h>
| #ifdef HAVE_SYS_TYPES_H
| # include <sys/types.h>
| #endif
| #ifdef HAVE_SYS_STAT_H
| # include <sys/stat.h>
| #endif
| #ifdef STDC_HEADERS
| # include <stdlib.h>
| # include <stddef.h>
| #else
| # ifdef HAVE_STDLIB_H
| #  include <stdlib.h>
| # endif
| #endif
| #ifdef HAVE_STRING_H
| # if !defined STDC_HEADERS && defined HAVE_MEMORY_H
| #  include <memory.h>
| # endif
| # include <string.h>
| #endif
| #ifdef HAVE_STRINGS_H
| # include <strings.h>
| #endif
| #ifdef HAVE_INTTYPES_H
| # include <inttypes.h>
| #endif
| #ifdef HAVE_STDINT_H
| # include <stdint.h>
| #endif
| #ifdef HAVE_UNISTD_H
| # include <unistd.h>
| #endif
| #include <minix/config.h>
configure:4746: result: no
configure:4746: checking minix/config.h presence
configure:4746: gcc -std=gnu99 -E  conftest.c
conftest.c:23:26: fatal error: minix/config.h: No such file or directory
 #include <minix/config.h>
                          ^
compilation terminated.
configure:4746: $? = 1
configure: failed program was:
| /* confdefs.h */
| #define PACKAGE_NAME "GnuCOBOL"
| #define PACKAGE_TARNAME "gnucobol"
| #define PACKAGE_VERSION "3.0-rc1"
| #define PACKAGE_STRING "GnuCOBOL 3.0-rc1"
| #define PACKAGE_BUGREPORT "bug-gnucobol@gnu.org"
| #define PACKAGE_URL "https://www.gnu.org/software/gnucobol/"
| #define PACKAGE "gnucobol"
| #define VERSION "3.0-rc1"
| #define PATCH_LEVEL 0
| #define MAX_CALL_FIELD_PARAMS 192
| #define STDC_HEADERS 1
| #define HAVE_SYS_TYPES_H 1
| #define HAVE_SYS_STAT_H 1
| #define HAVE_STDLIB_H 1
| #define HAVE_STRING_H 1
| #define HAVE_MEMORY_H 1
| #define HAVE_STRINGS_H 1
| #define HAVE_INTTYPES_H 1
| #define HAVE_STDINT_H 1
| #define HAVE_UNISTD_H 1
| /* end confdefs.h.  */
| #include <minix/config.h>
configure:4746: result: no
configure:4746: checking for minix/config.h
configure:4746: result: no
configure:4767: checking whether it is safe to define __EXTENSIONS__
configure:4785: gcc -std=gnu99 -c -g -O2  conftest.c >&5
configure:4785: $? = 0
configure:4792: result: yes
configure:4836: checking build system type
configure:4850: result: x86_64-pc-linux-gnu
configure:4870: checking host system type
configure:4883: result: x86_64-pc-linux-gnu
configure:4924: checking how to print strings
configure:4951: result: printf
configure:4972: checking for a sed that does not truncate output
configure:5036: result: /bin/sed
configure:5054: checking for fgrep
configure:5116: result: /bin/grep -F
configure:5151: checking for ld used by gcc -std=gnu99
configure:5218: result: /bin/ld
configure:5225: checking if the linker (/bin/ld) is GNU ld
configure:5240: result: yes
configure:5252: checking for BSD- or MS-compatible name lister (nm)
configure:5306: result: /bin/nm -B
configure:5436: checking the name lister (/bin/nm -B) interface
configure:5443: gcc -std=gnu99 -c -g -O2  conftest.c >&5
configure:5446: /bin/nm -B "conftest.o"
configure:5449: output
0000000000000000 B some_variable
configure:5456: result: BSD nm
configure:5459: checking whether ln -s works
configure:5463: result: yes
configure:5471: checking the maximum length of command line arguments
configure:5602: result: 1572864
configure:5650: checking how to convert x86_64-pc-linux-gnu file names to x86_64-pc-linux-gnu format
configure:5690: result: func_convert_file_noop
configure:5697: checking how to convert x86_64-pc-linux-gnu file names to toolchain format
configure:5717: result: func_convert_file_noop
configure:5724: checking for /bin/ld option to reload object files
configure:5731: result: -r
configure:5805: checking for objdump
configure:5821: found /bin/objdump
configure:5832: result: objdump
configure:5861: checking how to recognize dependent libraries
configure:6061: result: pass_all
configure:6146: checking for dlltool
configure:6176: result: no
configure:6203: checking how to associate runtime and link libraries
configure:6230: result: printf %s\n
configure:6290: checking for ar
configure:6306: found /bin/ar
configure:6317: result: ar
configure:6354: checking for archiver @FILE support
configure:6371: gcc -std=gnu99 -c -g -O2  conftest.c >&5
configure:6371: $? = 0
configure:6374: ar cru libconftest.a @conftest.lst >&5
configure:6377: $? = 0
configure:6382: ar cru libconftest.a @conftest.lst >&5
ar: conftest.o: No such file or directory
configure:6385: $? = 1
configure:6397: result: @
configure:6455: checking for strip
configure:6471: found /bin/strip
configure:6482: result: strip
configure:6554: checking for ranlib
configure:6570: found /bin/ranlib
configure:6581: result: ranlib
configure:6683: checking command to parse /bin/nm -B output from gcc -std=gnu99 object
configure:6836: gcc -std=gnu99 -c -g -O2  conftest.c >&5
configure:6839: $? = 0
configure:6843: /bin/nm -B conftest.o \| sed -n -e 's/^.*[ ]\([ABCDGIRSTW][ABCDGIRSTW]*\)[ ][ ]*\([_A-Za-z][_A-Za-z0-9]*\)$/\1 \2 \2/p' | sed '/ __gnu_lto/d' \> conftest.nm
configure:6846: $? = 0
configure:6912: gcc -std=gnu99 -o conftest -g -O2   conftest.c conftstm.o >&5
configure:6915: $? = 0
configure:6953: result: ok
configure:7000: checking for sysroot
configure:7030: result: no
configure:7037: checking for a working dd
configure:7075: result: /bin/dd
configure:7079: checking how to truncate binary pipes
configure:7094: result: /bin/dd bs=4096 count=1
configure:7230: gcc -std=gnu99 -c -g -O2  conftest.c >&5
configure:7233: $? = 0
configure:7423: checking for mt
configure:7453: result: no
configure:7473: checking if : is a manifest tool
configure:7479: : '-?'
configure:7487: result: no
configure:8161: checking for dlfcn.h
configure:8161: gcc -std=gnu99 -c -g -O2  conftest.c >&5
configure:8161: $? = 0
configure:8161: result: yes
configure:8714: checking for objdir
configure:8729: result: .libs
configure:8993: checking if gcc -std=gnu99 supports -fno-rtti -fno-exceptions
configure:9011: gcc -std=gnu99 -c -g -O2  -fno-rtti -fno-exceptions conftest.c >&5
cc1: warning: command line option '-fno-rtti' is valid for C++/ObjC++ but not for C [enabled by default]
configure:9015: $? = 0
configure:9028: result: no
configure:9386: checking for gcc -std=gnu99 option to produce PIC
configure:9393: result: -fPIC -DPIC
configure:9401: checking if gcc -std=gnu99 PIC flag -fPIC -DPIC works
configure:9419: gcc -std=gnu99 -c -g -O2  -fPIC -DPIC -DPIC conftest.c >&5
configure:9423: $? = 0
configure:9436: result: yes
configure:9465: checking if gcc -std=gnu99 static flag -static works
configure:9493: result: no
configure:9508: checking if gcc -std=gnu99 supports -c -o file.o
configure:9529: gcc -std=gnu99 -c -g -O2  -o out/conftest2.o conftest.c >&5
configure:9533: $? = 0
configure:9555: result: yes
configure:9563: checking if gcc -std=gnu99 supports -c -o file.o
configure:9610: result: yes
configure:9643: checking whether the gcc -std=gnu99 linker (/bin/ld -m elf_x86_64) supports shared libraries
configure:10902: result: yes
configure:10939: checking whether -lc should be explicitly linked in
configure:10947: gcc -std=gnu99 -c -g -O2  conftest.c >&5
configure:10950: $? = 0
configure:10965: gcc -std=gnu99 -shared  -fPIC -DPIC conftest.o  -v -Wl,-soname -Wl,conftest -o conftest 2\>\&1 \| /bin/grep  -lc  \>/dev/null 2\>\&1
configure:10968: $? = 0
configure:10982: result: no
configure:11142: checking dynamic linker characteristics
configure:11723: gcc -std=gnu99 -o conftest -g -O2   -Wl,-rpath -Wl,/foo conftest.c  >&5
configure:11723: $? = 0
configure:11960: result: GNU/Linux ld.so
configure:12082: checking how to hardcode library paths into programs
configure:12107: result: immediate
configure:12209: checking for shl_load
configure:12209: gcc -std=gnu99 -o conftest -g -O2   conftest.c  >&5
/tmp/ccmk0ALW.o: In function `main':
/home/centos/gnucobol-3.0-rc1/conftest.c:64: undefined reference to `shl_load'
collect2: error: ld returned 1 exit status
configure:12209: $? = 1
configure: failed program was:
| /* confdefs.h */
| #define PACKAGE_NAME "GnuCOBOL"
| #define PACKAGE_TARNAME "gnucobol"
| #define PACKAGE_VERSION "3.0-rc1"
| #define PACKAGE_STRING "GnuCOBOL 3.0-rc1"
| #define PACKAGE_BUGREPORT "bug-gnucobol@gnu.org"
| #define PACKAGE_URL "https://www.gnu.org/software/gnucobol/"
| #define PACKAGE "gnucobol"
| #define VERSION "3.0-rc1"
| #define PATCH_LEVEL 0
| #define MAX_CALL_FIELD_PARAMS 192
| #define STDC_HEADERS 1
| #define HAVE_SYS_TYPES_H 1
| #define HAVE_SYS_STAT_H 1
| #define HAVE_STDLIB_H 1
| #define HAVE_STRING_H 1
| #define HAVE_MEMORY_H 1
| #define HAVE_STRINGS_H 1
| #define HAVE_INTTYPES_H 1
| #define HAVE_STDINT_H 1
| #define HAVE_UNISTD_H 1
| #define __EXTENSIONS__ 1
| #define _ALL_SOURCE 1
| #define _GNU_SOURCE 1
| #define _POSIX_PTHREAD_SEMANTICS 1
| #define _TANDEM_SOURCE 1
| #define HAVE_DLFCN_H 1
| #define LT_OBJDIR ".libs/"
| /* end confdefs.h.  */
| /* Define shl_load to an innocuous variant, in case <limits.h> declares shl_load.
|    For example, HP-UX 11i <limits.h> declares gettimeofday.  */
| #define shl_load innocuous_shl_load
| 
| /* System header to define __stub macros and hopefully few prototypes,
|     which can conflict with char shl_load (); below.
|     Prefer <limits.h> to <assert.h> if __STDC__ is defined, since
|     <limits.h> exists even on freestanding compilers.  */
| 
| #ifdef __STDC__
| # include <limits.h>
| #else
| # include <assert.h>
| #endif
| 
| #undef shl_load
| 
| /* Override any GCC internal prototype to avoid an error.
|    Use char because int might match the return type of a GCC
|    builtin and then its argument prototype would still apply.  */
| #ifdef __cplusplus
| extern "C"
| #endif
| char shl_load ();
| /* The GNU C library defines this for functions which it implements
|     to always fail with ENOSYS.  Some functions are actually named
|     something starting with __ and the normal name is an alias.  */
| #if defined __stub_shl_load || defined __stub___shl_load
| choke me
| #endif
| 
| int
| main ()
| {
| return shl_load ();
|   ;
|   return 0;
| }
configure:12209: result: no
configure:12213: checking for shl_load in -ldld
configure:12238: gcc -std=gnu99 -o conftest -g -O2   conftest.c -ldld   >&5
/bin/ld: cannot find -ldld
collect2: error: ld returned 1 exit status
configure:12238: $? = 1
configure: failed program was:
| /* confdefs.h */
| #define PACKAGE_NAME "GnuCOBOL"
| #define PACKAGE_TARNAME "gnucobol"
| #define PACKAGE_VERSION "3.0-rc1"
| #define PACKAGE_STRING "GnuCOBOL 3.0-rc1"
| #define PACKAGE_BUGREPORT "bug-gnucobol@gnu.org"
| #define PACKAGE_URL "https://www.gnu.org/software/gnucobol/"
| #define PACKAGE "gnucobol"
| #define VERSION "3.0-rc1"
| #define PATCH_LEVEL 0
| #define MAX_CALL_FIELD_PARAMS 192
| #define STDC_HEADERS 1
| #define HAVE_SYS_TYPES_H 1
| #define HAVE_SYS_STAT_H 1
| #define HAVE_STDLIB_H 1
| #define HAVE_STRING_H 1
| #define HAVE_MEMORY_H 1
| #define HAVE_STRINGS_H 1
| #define HAVE_INTTYPES_H 1
| #define HAVE_STDINT_H 1
| #define HAVE_UNISTD_H 1
| #define __EXTENSIONS__ 1
| #define _ALL_SOURCE 1
| #define _GNU_SOURCE 1
| #define _POSIX_PTHREAD_SEMANTICS 1
| #define _TANDEM_SOURCE 1
| #define HAVE_DLFCN_H 1
| #define LT_OBJDIR ".libs/"
| /* end confdefs.h.  */
| 
| /* Override any GCC internal prototype to avoid an error.
|    Use char because int might match the return type of a GCC
|    builtin and then its argument prototype would still apply.  */
| #ifdef __cplusplus
| extern "C"
| #endif
| char shl_load ();
| int
| main ()
| {
| return shl_load ();
|   ;
|   return 0;
| }
configure:12247: result: no
configure:12252: checking for dlopen
configure:12252: gcc -std=gnu99 -o conftest -g -O2   conftest.c  >&5
/tmp/ccR8GND2.o: In function `main':
/home/centos/gnucobol-3.0-rc1/conftest.c:64: undefined reference to `dlopen'
collect2: error: ld returned 1 exit status
configure:12252: $? = 1
configure: failed program was:
| /* confdefs.h */
| #define PACKAGE_NAME "GnuCOBOL"
| #define PACKAGE_TARNAME "gnucobol"
| #define PACKAGE_VERSION "3.0-rc1"
| #define PACKAGE_STRING "GnuCOBOL 3.0-rc1"
| #define PACKAGE_BUGREPORT "bug-gnucobol@gnu.org"
| #define PACKAGE_URL "https://www.gnu.org/software/gnucobol/"
| #define PACKAGE "gnucobol"
| #define VERSION "3.0-rc1"
| #define PATCH_LEVEL 0
| #define MAX_CALL_FIELD_PARAMS 192
| #define STDC_HEADERS 1
| #define HAVE_SYS_TYPES_H 1
| #define HAVE_SYS_STAT_H 1
| #define HAVE_STDLIB_H 1
| #define HAVE_STRING_H 1
| #define HAVE_MEMORY_H 1
| #define HAVE_STRINGS_H 1
| #define HAVE_INTTYPES_H 1
| #define HAVE_STDINT_H 1
| #define HAVE_UNISTD_H 1
| #define __EXTENSIONS__ 1
| #define _ALL_SOURCE 1
| #define _GNU_SOURCE 1
| #define _POSIX_PTHREAD_SEMANTICS 1
| #define _TANDEM_SOURCE 1
| #define HAVE_DLFCN_H 1
| #define LT_OBJDIR ".libs/"
| /* end confdefs.h.  */
| /* Define dlopen to an innocuous variant, in case <limits.h> declares dlopen.
|    For example, HP-UX 11i <limits.h> declares gettimeofday.  */
| #define dlopen innocuous_dlopen
| 
| /* System header to define __stub macros and hopefully few prototypes,
|     which can conflict with char dlopen (); below.
|     Prefer <limits.h> to <assert.h> if __STDC__ is defined, since
|     <limits.h> exists even on freestanding compilers.  */
| 
| #ifdef __STDC__
| # include <limits.h>
| #else
| # include <assert.h>
| #endif
| 
| #undef dlopen
| 
| /* Override any GCC internal prototype to avoid an error.
|    Use char because int might match the return type of a GCC
|    builtin and then its argument prototype would still apply.  */
| #ifdef __cplusplus
| extern "C"
| #endif
| char dlopen ();
| /* The GNU C library defines this for functions which it implements
|     to always fail with ENOSYS.  Some functions are actually named
|     something starting with __ and the normal name is an alias.  */
| #if defined __stub_dlopen || defined __stub___dlopen
| choke me
| #endif
| 
| int
| main ()
| {
| return dlopen ();
|   ;
|   return 0;
| }
configure:12252: result: no
configure:12256: checking for dlopen in -ldl
configure:12281: gcc -std=gnu99 -o conftest -g -O2   conftest.c -ldl   >&5
configure:12281: $? = 0
configure:12290: result: yes
configure:12409: checking whether a program can dlopen itself
configure:12489: gcc -std=gnu99 -o conftest -g -O2  -DHAVE_DLFCN_H  -Wl,--export-dynamic conftest.c -ldl  >&5
configure:12492: $? = 0
configure:12510: result: yes
configure:12515: checking whether a statically linked program can dlopen itself
configure:12595: gcc -std=gnu99 -o conftest -g -O2  -DHAVE_DLFCN_H  -Wl,--export-dynamic  conftest.c -ldl  >&5
configure:12598: $? = 0
configure:12616: result: yes
configure:12655: checking whether stripping libraries is possible
configure:12660: result: yes
configure:12695: checking if libtool supports shared libraries
configure:12697: result: yes
configure:12700: checking whether to build shared libraries
configure:12725: result: yes
configure:12728: checking whether to build static libraries
configure:12732: result: yes
configure:12770: checking for egrep
configure:12832: result: /bin/grep -E
configure:12843: checking for flex
configure:12873: result: no
configure:12843: checking for lex
configure:12873: result: no
configure:13005: checking for bison
configure:13035: result: no
configure:13005: checking for byacc
configure:13035: result: no
configure:13048: checking whether ln -s works
configure:13052: result: yes
configure:13065: checking whether make sets $(MAKE)
configure:13087: result: yes
configure:13121: checking for ld used by gcc -std=gnu99
configure:13188: result: /bin/ld -m elf_x86_64
configure:13195: checking if the linker (/bin/ld -m elf_x86_64) is GNU ld
configure:13210: result: yes
configure:13217: checking for shared library run path origin
configure:13230: result: done
configure:13252: checking for ANSI C header files
configure:13356: result: yes
configure:13368: checking for stdint.h
configure:13368: result: yes
configure:13368: checking for sys/types.h
configure:13368: result: yes
configure:13368: checking signal.h usability
configure:13368: gcc -std=gnu99 -c -g -O2  conftest.c >&5
configure:13368: $? = 0
configure:13368: result: yes
configure:13368: checking signal.h presence
configure:13368: gcc -std=gnu99 -E  conftest.c
configure:13368: $? = 0
configure:13368: result: yes
configure:13368: checking for signal.h
configure:13368: result: yes
configure:13368: checking fcntl.h usability
configure:13368: gcc -std=gnu99 -c -g -O2  conftest.c >&5
configure:13368: $? = 0
configure:13368: result: yes
configure:13368: checking fcntl.h presence
configure:13368: gcc -std=gnu99 -E  conftest.c
configure:13368: $? = 0
configure:13368: result: yes
configure:13368: checking for fcntl.h
configure:13368: result: yes
configure:13368: checking malloc.h usability
configure:13368: gcc -std=gnu99 -c -g -O2  conftest.c >&5
configure:13368: $? = 0
configure:13368: result: yes
configure:13368: checking malloc.h presence
configure:13368: gcc -std=gnu99 -E  conftest.c
configure:13368: $? = 0
configure:13368: result: yes
configure:13368: checking for malloc.h
configure:13368: result: yes
configure:13368: checking locale.h usability
configure:13368: gcc -std=gnu99 -c -g -O2  conftest.c >&5
configure:13368: $? = 0
configure:13368: result: yes
configure:13368: checking locale.h presence
configure:13368: gcc -std=gnu99 -E  conftest.c
configure:13368: $? = 0
configure:13368: result: yes
configure:13368: checking for locale.h
configure:13368: result: yes
configure:13368: checking stddef.h usability
configure:13368: gcc -std=gnu99 -c -g -O2  conftest.c >&5
configure:13368: $? = 0
configure:13368: result: yes
configure:13368: checking stddef.h presence
configure:13368: gcc -std=gnu99 -E  conftest.c
configure:13368: $? = 0
configure:13368: result: yes
configure:13368: checking for stddef.h
configure:13368: result: yes
configure:13368: checking wchar.h usability
configure:13368: gcc -std=gnu99 -c -g -O2  conftest.c >&5
configure:13368: $? = 0
configure:13368: result: yes
configure:13368: checking wchar.h presence
configure:13368: gcc -std=gnu99 -E  conftest.c
configure:13368: $? = 0
configure:13368: result: yes
configure:13368: checking for wchar.h
configure:13368: result: yes
configure:13368: checking for dlfcn.h
configure:13368: result: yes
configure:13368: checking sys/time.h usability
configure:13368: gcc -std=gnu99 -c -g -O2  conftest.c >&5
configure:13368: $? = 0
configure:13368: result: yes
configure:13368: checking sys/time.h presence
configure:13368: gcc -std=gnu99 -E  conftest.c
configure:13368: $? = 0
configure:13368: result: yes
configure:13368: checking for sys/time.h
configure:13368: result: yes
configure:13368: checking sys/wait.h usability
configure:13368: gcc -std=gnu99 -c -g -O2  conftest.c >&5
configure:13368: $? = 0
configure:13368: result: yes
configure:13368: checking sys/wait.h presence
configure:13368: gcc -std=gnu99 -E  conftest.c
configure:13368: $? = 0
configure:13368: result: yes
configure:13368: checking for sys/wait.h
configure:13368: result: yes
configure:13381: checking for an ANSI C-conforming const
configure:13447: gcc -std=gnu99 -c -g -O2  conftest.c >&5
configure:13447: $? = 0
configure:13454: result: yes
configure:13462: checking whether byte ordering is bigendian
configure:13477: gcc -std=gnu99 -c -g -O2  conftest.c >&5
conftest.c:43:9: error: unknown type name 'not'
         not a universal capable compiler
         ^
conftest.c:43:15: error: expected '=', ',', ';', 'asm' or '__attribute__' before 'universal'
         not a universal capable compiler
               ^
conftest.c:43:15: error: unknown type name 'universal'
configure:13477: $? = 1
configure: failed program was:
| /* confdefs.h */
| #define PACKAGE_NAME "GnuCOBOL"
| #define PACKAGE_TARNAME "gnucobol"
| #define PACKAGE_VERSION "3.0-rc1"
| #define PACKAGE_STRING "GnuCOBOL 3.0-rc1"
| #define PACKAGE_BUGREPORT "bug-gnucobol@gnu.org"
| #define PACKAGE_URL "https://www.gnu.org/software/gnucobol/"
| #define PACKAGE "gnucobol"
| #define VERSION "3.0-rc1"
| #define PATCH_LEVEL 0
| #define MAX_CALL_FIELD_PARAMS 192
| #define STDC_HEADERS 1
| #define HAVE_SYS_TYPES_H 1
| #define HAVE_SYS_STAT_H 1
| #define HAVE_STDLIB_H 1
| #define HAVE_STRING_H 1
| #define HAVE_MEMORY_H 1
| #define HAVE_STRINGS_H 1
| #define HAVE_INTTYPES_H 1
| #define HAVE_STDINT_H 1
| #define HAVE_UNISTD_H 1
| #define __EXTENSIONS__ 1
| #define _ALL_SOURCE 1
| #define _GNU_SOURCE 1
| #define _POSIX_PTHREAD_SEMANTICS 1
| #define _TANDEM_SOURCE 1
| #define HAVE_DLFCN_H 1
| #define LT_OBJDIR ".libs/"
| #define STDC_HEADERS 1
| #define HAVE_STDINT_H 1
| #define HAVE_SYS_TYPES_H 1
| #define HAVE_SIGNAL_H 1
| #define HAVE_FCNTL_H 1
| #define HAVE_MALLOC_H 1
| #define HAVE_LOCALE_H 1
| #define HAVE_STDDEF_H 1
| #define HAVE_WCHAR_H 1
| #define HAVE_DLFCN_H 1
| #define HAVE_SYS_TIME_H 1
| #define HAVE_SYS_WAIT_H 1
| /* end confdefs.h.  */
| #ifndef __APPLE_CC__
| 	       not a universal capable compiler
| 	     #endif
| 	     typedef int dummy;
| 
configure:13522: gcc -std=gnu99 -c -g -O2  conftest.c >&5
configure:13522: $? = 0
configure:13540: gcc -std=gnu99 -c -g -O2  conftest.c >&5
conftest.c: In function 'main':
conftest.c:49:4: error: unknown type name 'not'
    not big endian
    ^
conftest.c:49:12: error: expected '=', ',', ';', 'asm' or '__attribute__' before 'endian'
    not big endian
            ^
configure:13540: $? = 1
configure: failed program was:
| /* confdefs.h */
| #define PACKAGE_NAME "GnuCOBOL"
| #define PACKAGE_TARNAME "gnucobol"
| #define PACKAGE_VERSION "3.0-rc1"
| #define PACKAGE_STRING "GnuCOBOL 3.0-rc1"
| #define PACKAGE_BUGREPORT "bug-gnucobol@gnu.org"
| #define PACKAGE_URL "https://www.gnu.org/software/gnucobol/"
| #define PACKAGE "gnucobol"
| #define VERSION "3.0-rc1"
| #define PATCH_LEVEL 0
| #define MAX_CALL_FIELD_PARAMS 192
| #define STDC_HEADERS 1
| #define HAVE_SYS_TYPES_H 1
| #define HAVE_SYS_STAT_H 1
| #define HAVE_STDLIB_H 1
| #define HAVE_STRING_H 1
| #define HAVE_MEMORY_H 1
| #define HAVE_STRINGS_H 1
| #define HAVE_INTTYPES_H 1
| #define HAVE_STDINT_H 1
| #define HAVE_UNISTD_H 1
| #define __EXTENSIONS__ 1
| #define _ALL_SOURCE 1
| #define _GNU_SOURCE 1
| #define _POSIX_PTHREAD_SEMANTICS 1
| #define _TANDEM_SOURCE 1
| #define HAVE_DLFCN_H 1
| #define LT_OBJDIR ".libs/"
| #define STDC_HEADERS 1
| #define HAVE_STDINT_H 1
| #define HAVE_SYS_TYPES_H 1
| #define HAVE_SIGNAL_H 1
| #define HAVE_FCNTL_H 1
| #define HAVE_MALLOC_H 1
| #define HAVE_LOCALE_H 1
| #define HAVE_STDDEF_H 1
| #define HAVE_WCHAR_H 1
| #define HAVE_DLFCN_H 1
| #define HAVE_SYS_TIME_H 1
| #define HAVE_SYS_WAIT_H 1
| /* end confdefs.h.  */
| #include <sys/types.h>
| 		#include <sys/param.h>
| 
| int
| main ()
| {
| #if BYTE_ORDER != BIG_ENDIAN
| 		 not big endian
| 		#endif
| 
|   ;
|   return 0;
| }
configure:13668: result: no
configure:13686: checking for size_t
configure:13686: gcc -std=gnu99 -c -g -O2  conftest.c >&5
configure:13686: $? = 0
configure:13686: gcc -std=gnu99 -c -g -O2  conftest.c >&5
conftest.c: In function 'main':
conftest.c:78:21: error: expected expression before ')' token
 if (sizeof ((size_t)))
                     ^
configure:13686: $? = 1
configure: failed program was:
| /* confdefs.h */
| #define PACKAGE_NAME "GnuCOBOL"
| #define PACKAGE_TARNAME "gnucobol"
| #define PACKAGE_VERSION "3.0-rc1"
| #define PACKAGE_STRING "GnuCOBOL 3.0-rc1"
| #define PACKAGE_BUGREPORT "bug-gnucobol@gnu.org"
| #define PACKAGE_URL "https://www.gnu.org/software/gnucobol/"
| #define PACKAGE "gnucobol"
| #define VERSION "3.0-rc1"
| #define PATCH_LEVEL 0
| #define MAX_CALL_FIELD_PARAMS 192
| #define STDC_HEADERS 1
| #define HAVE_SYS_TYPES_H 1
| #define HAVE_SYS_STAT_H 1
| #define HAVE_STDLIB_H 1
| #define HAVE_STRING_H 1
| #define HAVE_MEMORY_H 1
| #define HAVE_STRINGS_H 1
| #define HAVE_INTTYPES_H 1
| #define HAVE_STDINT_H 1
| #define HAVE_UNISTD_H 1
| #define __EXTENSIONS__ 1
| #define _ALL_SOURCE 1
| #define _GNU_SOURCE 1
| #define _POSIX_PTHREAD_SEMANTICS 1
| #define _TANDEM_SOURCE 1
| #define HAVE_DLFCN_H 1
| #define LT_OBJDIR ".libs/"
| #define STDC_HEADERS 1
| #define HAVE_STDINT_H 1
| #define HAVE_SYS_TYPES_H 1
| #define HAVE_SIGNAL_H 1
| #define HAVE_FCNTL_H 1
| #define HAVE_MALLOC_H 1
| #define HAVE_LOCALE_H 1
| #define HAVE_STDDEF_H 1
| #define HAVE_WCHAR_H 1
| #define HAVE_DLFCN_H 1
| #define HAVE_SYS_TIME_H 1
| #define HAVE_SYS_WAIT_H 1
| /* end confdefs.h.  */
| #include <stdio.h>
| #ifdef HAVE_SYS_TYPES_H
| # include <sys/types.h>
| #endif
| #ifdef HAVE_SYS_STAT_H
| # include <sys/stat.h>
| #endif
| #ifdef STDC_HEADERS
| # include <stdlib.h>
| # include <stddef.h>
| #else
| # ifdef HAVE_STDLIB_H
| #  include <stdlib.h>
| # endif
| #endif
| #ifdef HAVE_STRING_H
| # if !defined STDC_HEADERS && defined HAVE_MEMORY_H
| #  include <memory.h>
| # endif
| # include <string.h>
| #endif
| #ifdef HAVE_STRINGS_H
| # include <strings.h>
| #endif
| #ifdef HAVE_INTTYPES_H
| # include <inttypes.h>
| #endif
| #ifdef HAVE_STDINT_H
| # include <stdint.h>
| #endif
| #ifdef HAVE_UNISTD_H
| # include <unistd.h>
| #endif
| int
| main ()
| {
| if (sizeof ((size_t)))
| 	    return 0;
|   ;
|   return 0;
| }
configure:13686: result: yes
configure:13697: checking whether struct tm is in sys/time.h or time.h
configure:13717: gcc -std=gnu99 -c -g -O2  conftest.c >&5
configure:13717: $? = 0
configure:13724: result: time.h
configure:13732: checking for sig_atomic_t
configure:13732: gcc -std=gnu99 -c -g -O2  conftest.c >&5
configure:13732: $? = 0
configure:13732: gcc -std=gnu99 -c -g -O2  conftest.c >&5
conftest.c: In function 'main':
conftest.c:47:27: error: expected expression before ')' token
 if (sizeof ((sig_atomic_t)))
                           ^
configure:13732: $? = 1
configure: failed program was:
| /* confdefs.h */
| #define PACKAGE_NAME "GnuCOBOL"
| #define PACKAGE_TARNAME "gnucobol"
| #define PACKAGE_VERSION "3.0-rc1"
| #define PACKAGE_STRING "GnuCOBOL 3.0-rc1"
| #define PACKAGE_BUGREPORT "bug-gnucobol@gnu.org"
| #define PACKAGE_URL "https://www.gnu.org/software/gnucobol/"
| #define PACKAGE "gnucobol"
| #define VERSION "3.0-rc1"
| #define PATCH_LEVEL 0
| #define MAX_CALL_FIELD_PARAMS 192
| #define STDC_HEADERS 1
| #define HAVE_SYS_TYPES_H 1
| #define HAVE_SYS_STAT_H 1
| #define HAVE_STDLIB_H 1
| #define HAVE_STRING_H 1
| #define HAVE_MEMORY_H 1
| #define HAVE_STRINGS_H 1
| #define HAVE_INTTYPES_H 1
| #define HAVE_STDINT_H 1
| #define HAVE_UNISTD_H 1
| #define __EXTENSIONS__ 1
| #define _ALL_SOURCE 1
| #define _GNU_SOURCE 1
| #define _POSIX_PTHREAD_SEMANTICS 1
| #define _TANDEM_SOURCE 1
| #define HAVE_DLFCN_H 1
| #define LT_OBJDIR ".libs/"
| #define STDC_HEADERS 1
| #define HAVE_STDINT_H 1
| #define HAVE_SYS_TYPES_H 1
| #define HAVE_SIGNAL_H 1
| #define HAVE_FCNTL_H 1
| #define HAVE_MALLOC_H 1
| #define HAVE_LOCALE_H 1
| #define HAVE_STDDEF_H 1
| #define HAVE_WCHAR_H 1
| #define HAVE_DLFCN_H 1
| #define HAVE_SYS_TIME_H 1
| #define HAVE_SYS_WAIT_H 1
| /* end confdefs.h.  */
| #include <signal.h>
| 
| int
| main ()
| {
| if (sizeof ((sig_atomic_t)))
| 	    return 0;
|   ;
|   return 0;
| }
configure:13732: result: yes
configure:13746: checking for inline keyword
configure:13770: gcc -std=gnu99 -c -g -O2  conftest.c >&5
configure:13770: $? = 0
configure:13778: result: __inline
configure:13786: checking for vprintf
configure:13786: gcc -std=gnu99 -o conftest -g -O2   conftest.c  >&5
conftest.c:67:6: warning: conflicting types for built-in function 'vprintf' [enabled by default]
 char vprintf ();
      ^
configure:13786: $? = 0
configure:13786: result: yes
configure:13792: checking for _doprnt
configure:13792: gcc -std=gnu99 -o conftest -g -O2   conftest.c  >&5
/tmp/ccbSQSNY.o: In function `main':
/home/centos/gnucobol-3.0-rc1/conftest.c:79: undefined reference to `_doprnt'
collect2: error: ld returned 1 exit status
configure:13792: $? = 1
configure: failed program was:
| /* confdefs.h */
| #define PACKAGE_NAME "GnuCOBOL"
| #define PACKAGE_TARNAME "gnucobol"
| #define PACKAGE_VERSION "3.0-rc1"
| #define PACKAGE_STRING "GnuCOBOL 3.0-rc1"
| #define PACKAGE_BUGREPORT "bug-gnucobol@gnu.org"
| #define PACKAGE_URL "https://www.gnu.org/software/gnucobol/"
| #define PACKAGE "gnucobol"
| #define VERSION "3.0-rc1"
| #define PATCH_LEVEL 0
| #define MAX_CALL_FIELD_PARAMS 192
| #define STDC_HEADERS 1
| #define HAVE_SYS_TYPES_H 1
| #define HAVE_SYS_STAT_H 1
| #define HAVE_STDLIB_H 1
| #define HAVE_STRING_H 1
| #define HAVE_MEMORY_H 1
| #define HAVE_STRINGS_H 1
| #define HAVE_INTTYPES_H 1
| #define HAVE_STDINT_H 1
| #define HAVE_UNISTD_H 1
| #define __EXTENSIONS__ 1
| #define _ALL_SOURCE 1
| #define _GNU_SOURCE 1
| #define _POSIX_PTHREAD_SEMANTICS 1
| #define _TANDEM_SOURCE 1
| #define HAVE_DLFCN_H 1
| #define LT_OBJDIR ".libs/"
| #define STDC_HEADERS 1
| #define HAVE_STDINT_H 1
| #define HAVE_SYS_TYPES_H 1
| #define HAVE_SIGNAL_H 1
| #define HAVE_FCNTL_H 1
| #define HAVE_MALLOC_H 1
| #define HAVE_LOCALE_H 1
| #define HAVE_STDDEF_H 1
| #define HAVE_WCHAR_H 1
| #define HAVE_DLFCN_H 1
| #define HAVE_SYS_TIME_H 1
| #define HAVE_SYS_WAIT_H 1
| #define HAVE_SIG_ATOMIC_T 1
| #define COB_KEYWORD_INLINE __inline
| #define HAVE_VPRINTF 1
| /* end confdefs.h.  */
| /* Define _doprnt to an innocuous variant, in case <limits.h> declares _doprnt.
|    For example, HP-UX 11i <limits.h> declares gettimeofday.  */
| #define _doprnt innocuous__doprnt
| 
| /* System header to define __stub macros and hopefully few prototypes,
|     which can conflict with char _doprnt (); below.
|     Prefer <limits.h> to <assert.h> if __STDC__ is defined, since
|     <limits.h> exists even on freestanding compilers.  */
| 
| #ifdef __STDC__
| # include <limits.h>
| #else
| # include <assert.h>
| #endif
| 
| #undef _doprnt
| 
| /* Override any GCC internal prototype to avoid an error.
|    Use char because int might match the return type of a GCC
|    builtin and then its argument prototype would still apply.  */
| #ifdef __cplusplus
| extern "C"
| #endif
| char _doprnt ();
| /* The GNU C library defines this for functions which it implements
|     to always fail with ENOSYS.  Some functions are actually named
|     something starting with __ and the normal name is an alias.  */
| #if defined __stub__doprnt || defined __stub____doprnt
| choke me
| #endif
| 
| int
| main ()
| {
| return _doprnt ();
|   ;
|   return 0;
| }
configure:13792: result: no
configure:13809: checking for memmove
configure:13809: gcc -std=gnu99 -o conftest -g -O2   conftest.c  >&5
conftest.c:68:6: warning: conflicting types for built-in function 'memmove' [enabled by default]
 char memmove ();
      ^
configure:13809: $? = 0
configure:13809: result: yes
configure:13809: checking for memset
configure:13809: gcc -std=gnu99 -o conftest -g -O2   conftest.c  >&5
conftest.c:69:6: warning: conflicting types for built-in function 'memset' [enabled by default]
 char memset ();
      ^
configure:13809: $? = 0
configure:13809: result: yes
configure:13809: checking for setlocale
configure:13809: gcc -std=gnu99 -o conftest -g -O2   conftest.c  >&5
configure:13809: $? = 0
configure:13809: result: yes
configure:13809: checking for fcntl
configure:13809: gcc -std=gnu99 -o conftest -g -O2   conftest.c  >&5
configure:13809: $? = 0
configure:13809: result: yes
configure:13809: checking for strerror
configure:13809: gcc -std=gnu99 -o conftest -g -O2   conftest.c  >&5
configure:13809: $? = 0
configure:13809: result: yes
configure:13809: checking for strcasecmp
configure:13809: gcc -std=gnu99 -o conftest -g -O2   conftest.c  >&5
conftest.c:73:6: warning: conflicting types for built-in function 'strcasecmp' [enabled by default]
 char strcasecmp ();
      ^
configure:13809: $? = 0
configure:13809: result: yes
configure:13809: checking for strchr
configure:13809: gcc -std=gnu99 -o conftest -g -O2   conftest.c  >&5
conftest.c:74:6: warning: conflicting types for built-in function 'strchr' [enabled by default]
 char strchr ();
      ^
configure:13809: $? = 0
configure:13809: result: yes
configure:13809: checking for strrchr
configure:13809: gcc -std=gnu99 -o conftest -g -O2   conftest.c  >&5
conftest.c:75:6: warning: conflicting types for built-in function 'strrchr' [enabled by default]
 char strrchr ();
      ^
configure:13809: $? = 0
configure:13809: result: yes
configure:13809: checking for strdup
configure:13809: gcc -std=gnu99 -o conftest -g -O2   conftest.c  >&5
conftest.c:76:6: warning: conflicting types for built-in function 'strdup' [enabled by default]
 char strdup ();
      ^
configure:13809: $? = 0
configure:13809: result: yes
configure:13809: checking for strstr
configure:13809: gcc -std=gnu99 -o conftest -g -O2   conftest.c  >&5
conftest.c:77:6: warning: conflicting types for built-in function 'strstr' [enabled by default]
 char strstr ();
      ^
configure:13809: $? = 0
configure:13809: result: yes
configure:13809: checking for strtol
configure:13809: gcc -std=gnu99 -o conftest -g -O2   conftest.c  >&5
configure:13809: $? = 0
configure:13809: result: yes
configure:13809: checking for gettimeofday
configure:13809: gcc -std=gnu99 -o conftest -g -O2   conftest.c  >&5
configure:13809: $? = 0
configure:13809: result: yes
configure:13809: checking for localeconv
configure:13809: gcc -std=gnu99 -o conftest -g -O2   conftest.c  >&5
configure:13809: $? = 0
configure:13809: result: yes
configure:13809: checking for readlink
configure:13809: gcc -std=gnu99 -o conftest -g -O2   conftest.c  >&5
configure:13809: $? = 0
configure:13809: result: yes
configure:13809: checking for getexecname
configure:13809: gcc -std=gnu99 -o conftest -g -O2   conftest.c  >&5
/tmp/cc1mNCMA.o: In function `main':
/home/centos/gnucobol-3.0-rc1/conftest.c:93: undefined reference to `getexecname'
collect2: error: ld returned 1 exit status
configure:13809: $? = 1
configure: failed program was:
| /* confdefs.h */
| #define PACKAGE_NAME "GnuCOBOL"
| #define PACKAGE_TARNAME "gnucobol"
| #define PACKAGE_VERSION "3.0-rc1"
| #define PACKAGE_STRING "GnuCOBOL 3.0-rc1"
| #define PACKAGE_BUGREPORT "bug-gnucobol@gnu.org"
| #define PACKAGE_URL "https://www.gnu.org/software/gnucobol/"
| #define PACKAGE "gnucobol"
| #define VERSION "3.0-rc1"
| #define PATCH_LEVEL 0
| #define MAX_CALL_FIELD_PARAMS 192
| #define STDC_HEADERS 1
| #define HAVE_SYS_TYPES_H 1
| #define HAVE_SYS_STAT_H 1
| #define HAVE_STDLIB_H 1
| #define HAVE_STRING_H 1
| #define HAVE_MEMORY_H 1
| #define HAVE_STRINGS_H 1
| #define HAVE_INTTYPES_H 1
| #define HAVE_STDINT_H 1
| #define HAVE_UNISTD_H 1
| #define __EXTENSIONS__ 1
| #define _ALL_SOURCE 1
| #define _GNU_SOURCE 1
| #define _POSIX_PTHREAD_SEMANTICS 1
| #define _TANDEM_SOURCE 1
| #define HAVE_DLFCN_H 1
| #define LT_OBJDIR ".libs/"
| #define STDC_HEADERS 1
| #define HAVE_STDINT_H 1
| #define HAVE_SYS_TYPES_H 1
| #define HAVE_SIGNAL_H 1
| #define HAVE_FCNTL_H 1
| #define HAVE_MALLOC_H 1
| #define HAVE_LOCALE_H 1
| #define HAVE_STDDEF_H 1
| #define HAVE_WCHAR_H 1
| #define HAVE_DLFCN_H 1
| #define HAVE_SYS_TIME_H 1
| #define HAVE_SYS_WAIT_H 1
| #define HAVE_SIG_ATOMIC_T 1
| #define COB_KEYWORD_INLINE __inline
| #define HAVE_VPRINTF 1
| #define HAVE_MEMMOVE 1
| #define HAVE_MEMSET 1
| #define HAVE_SETLOCALE 1
| #define HAVE_FCNTL 1
| #define HAVE_STRERROR 1
| #define HAVE_STRCASECMP 1
| #define HAVE_STRCHR 1
| #define HAVE_STRRCHR 1
| #define HAVE_STRDUP 1
| #define HAVE_STRSTR 1
| #define HAVE_STRTOL 1
| #define HAVE_GETTIMEOFDAY 1
| #define HAVE_LOCALECONV 1
| #define HAVE_READLINK 1
| /* end confdefs.h.  */
| /* Define getexecname to an innocuous variant, in case <limits.h> declares getexecname.
|    For example, HP-UX 11i <limits.h> declares gettimeofday.  */
| #define getexecname innocuous_getexecname
| 
| /* System header to define __stub macros and hopefully few prototypes,
|     which can conflict with char getexecname (); below.
|     Prefer <limits.h> to <assert.h> if __STDC__ is defined, since
|     <limits.h> exists even on freestanding compilers.  */
| 
| #ifdef __STDC__
| # include <limits.h>
| #else
| # include <assert.h>
| #endif
| 
| #undef getexecname
| 
| /* Override any GCC internal prototype to avoid an error.
|    Use char because int might match the return type of a GCC
|    builtin and then its argument prototype would still apply.  */
| #ifdef __cplusplus
| extern "C"
| #endif
| char getexecname ();
| /* The GNU C library defines this for functions which it implements
|     to always fail with ENOSYS.  Some functions are actually named
|     something starting with __ and the normal name is an alias.  */
| #if defined __stub_getexecname || defined __stub___getexecname
| choke me
| #endif
| 
| int
| main ()
| {
| return getexecname ();
|   ;
|   return 0;
| }
configure:13809: result: no
configure:13809: checking for canonicalize_file_name
configure:13809: gcc -std=gnu99 -o conftest -g -O2   conftest.c  >&5
configure:13809: $? = 0
configure:13809: result: yes
configure:13809: checking for realpath
configure:13809: gcc -std=gnu99 -o conftest -g -O2   conftest.c  >&5
configure:13809: $? = 0
configure:13809: result: yes
configure:13809: checking for strcoll
configure:13809: gcc -std=gnu99 -o conftest -g -O2   conftest.c  >&5
configure:13809: $? = 0
configure:13809: result: yes
configure:13809: checking for strxfrm
configure:13809: gcc -std=gnu99 -o conftest -g -O2   conftest.c  >&5
configure:13809: $? = 0
configure:13809: result: yes
configure:13809: checking for setenv
configure:13809: gcc -std=gnu99 -o conftest -g -O2   conftest.c  >&5
configure:13809: $? = 0
configure:13809: result: yes
configure:13809: checking for raise
configure:13809: gcc -std=gnu99 -o conftest -g -O2   conftest.c  >&5
configure:13809: $? = 0
configure:13809: result: yes
configure:13820: checking for timezone variable access
configure:13833: gcc -std=gnu99 -c -g -O2  conftest.c >&5
configure:13833: $? = 0
configure:13836: result: yes
configure:13845: checking for designated initializers
configure:13861: gcc -std=gnu99 -c -g -O2  conftest.c >&5
configure:13861: $? = 0
configure:13863: result: yes
configure:13880: checking for __GNUC__
configure:13889: gcc -std=gnu99 -c -g -O2  conftest.c >&5
configure:13889: $? = 0
configure:13891: result: yes
configure:13899: checking for __INTEL_COMPILER
configure:13908: gcc -std=gnu99 -c -g -O2  conftest.c >&5
conftest.c:69:4: error: #error macro not defined
  # error macro not defined
    ^
configure:13908: $? = 1
configure: failed program was:
| /* confdefs.h */
| #define PACKAGE_NAME "GnuCOBOL"
| #define PACKAGE_TARNAME "gnucobol"
| #define PACKAGE_VERSION "3.0-rc1"
| #define PACKAGE_STRING "GnuCOBOL 3.0-rc1"
| #define PACKAGE_BUGREPORT "bug-gnucobol@gnu.org"
| #define PACKAGE_URL "https://www.gnu.org/software/gnucobol/"
| #define PACKAGE "gnucobol"
| #define VERSION "3.0-rc1"
| #define PATCH_LEVEL 0
| #define MAX_CALL_FIELD_PARAMS 192
| #define STDC_HEADERS 1
| #define HAVE_SYS_TYPES_H 1
| #define HAVE_SYS_STAT_H 1
| #define HAVE_STDLIB_H 1
| #define HAVE_STRING_H 1
| #define HAVE_MEMORY_H 1
| #define HAVE_STRINGS_H 1
| #define HAVE_INTTYPES_H 1
| #define HAVE_STDINT_H 1
| #define HAVE_UNISTD_H 1
| #define __EXTENSIONS__ 1
| #define _ALL_SOURCE 1
| #define _GNU_SOURCE 1
| #define _POSIX_PTHREAD_SEMANTICS 1
| #define _TANDEM_SOURCE 1
| #define HAVE_DLFCN_H 1
| #define LT_OBJDIR ".libs/"
| #define STDC_HEADERS 1
| #define HAVE_STDINT_H 1
| #define HAVE_SYS_TYPES_H 1
| #define HAVE_SIGNAL_H 1
| #define HAVE_FCNTL_H 1
| #define HAVE_MALLOC_H 1
| #define HAVE_LOCALE_H 1
| #define HAVE_STDDEF_H 1
| #define HAVE_WCHAR_H 1
| #define HAVE_DLFCN_H 1
| #define HAVE_SYS_TIME_H 1
| #define HAVE_SYS_WAIT_H 1
| #define HAVE_SIG_ATOMIC_T 1
| #define COB_KEYWORD_INLINE __inline
| #define HAVE_VPRINTF 1
| #define HAVE_MEMMOVE 1
| #define HAVE_MEMSET 1
| #define HAVE_SETLOCALE 1
| #define HAVE_FCNTL 1
| #define HAVE_STRERROR 1
| #define HAVE_STRCASECMP 1
| #define HAVE_STRCHR 1
| #define HAVE_STRRCHR 1
| #define HAVE_STRDUP 1
| #define HAVE_STRSTR 1
| #define HAVE_STRTOL 1
| #define HAVE_GETTIMEOFDAY 1
| #define HAVE_LOCALECONV 1
| #define HAVE_READLINK 1
| #define HAVE_CANONICALIZE_FILE_NAME 1
| #define HAVE_REALPATH 1
| #define HAVE_STRCOLL 1
| #define HAVE_STRXFRM 1
| #define HAVE_SETENV 1
| #define HAVE_RAISE 1
| #define HAVE_TIMEZONE 1
| #define HAVE_DESIGNATED_INITS 1
| /* end confdefs.h.  */
| 
| 	#ifndef __INTEL_COMPILER
| 	# error macro not defined
| 	#endif
configure:13916: result: no
configure:13922: checking for __clang__
configure:13931: gcc -std=gnu99 -c -g -O2  conftest.c >&5
conftest.c:69:4: error: #error macro not defined
  # error macro not defined
    ^
configure:13931: $? = 1
configure: failed program was:
| /* confdefs.h */
| #define PACKAGE_NAME "GnuCOBOL"
| #define PACKAGE_TARNAME "gnucobol"
| #define PACKAGE_VERSION "3.0-rc1"
| #define PACKAGE_STRING "GnuCOBOL 3.0-rc1"
| #define PACKAGE_BUGREPORT "bug-gnucobol@gnu.org"
| #define PACKAGE_URL "https://www.gnu.org/software/gnucobol/"
| #define PACKAGE "gnucobol"
| #define VERSION "3.0-rc1"
| #define PATCH_LEVEL 0
| #define MAX_CALL_FIELD_PARAMS 192
| #define STDC_HEADERS 1
| #define HAVE_SYS_TYPES_H 1
| #define HAVE_SYS_STAT_H 1
| #define HAVE_STDLIB_H 1
| #define HAVE_STRING_H 1
| #define HAVE_MEMORY_H 1
| #define HAVE_STRINGS_H 1
| #define HAVE_INTTYPES_H 1
| #define HAVE_STDINT_H 1
| #define HAVE_UNISTD_H 1
| #define __EXTENSIONS__ 1
| #define _ALL_SOURCE 1
| #define _GNU_SOURCE 1
| #define _POSIX_PTHREAD_SEMANTICS 1
| #define _TANDEM_SOURCE 1
| #define HAVE_DLFCN_H 1
| #define LT_OBJDIR ".libs/"
| #define STDC_HEADERS 1
| #define HAVE_STDINT_H 1
| #define HAVE_SYS_TYPES_H 1
| #define HAVE_SIGNAL_H 1
| #define HAVE_FCNTL_H 1
| #define HAVE_MALLOC_H 1
| #define HAVE_LOCALE_H 1
| #define HAVE_STDDEF_H 1
| #define HAVE_WCHAR_H 1
| #define HAVE_DLFCN_H 1
| #define HAVE_SYS_TIME_H 1
| #define HAVE_SYS_WAIT_H 1
| #define HAVE_SIG_ATOMIC_T 1
| #define COB_KEYWORD_INLINE __inline
| #define HAVE_VPRINTF 1
| #define HAVE_MEMMOVE 1
| #define HAVE_MEMSET 1
| #define HAVE_SETLOCALE 1
| #define HAVE_FCNTL 1
| #define HAVE_STRERROR 1
| #define HAVE_STRCASECMP 1
| #define HAVE_STRCHR 1
| #define HAVE_STRRCHR 1
| #define HAVE_STRDUP 1
| #define HAVE_STRSTR 1
| #define HAVE_STRTOL 1
| #define HAVE_GETTIMEOFDAY 1
| #define HAVE_LOCALECONV 1
| #define HAVE_READLINK 1
| #define HAVE_CANONICALIZE_FILE_NAME 1
| #define HAVE_REALPATH 1
| #define HAVE_STRCOLL 1
| #define HAVE_STRXFRM 1
| #define HAVE_SETENV 1
| #define HAVE_RAISE 1
| #define HAVE_TIMEZONE 1
| #define HAVE_DESIGNATED_INITS 1
| /* end confdefs.h.  */
| 
| 	#ifndef __clang__
| 	# error macro not defined
| 	#endif
configure:13936: result: no
configure:13941: checking for __xlc__
configure:13950: gcc -std=gnu99 -c -g -O2  conftest.c >&5
conftest.c:69:4: error: #error macro not defined
  # error macro not defined
    ^
configure:13950: $? = 1
configure: failed program was:
| /* confdefs.h */
| #define PACKAGE_NAME "GnuCOBOL"
| #define PACKAGE_TARNAME "gnucobol"
| #define PACKAGE_VERSION "3.0-rc1"
| #define PACKAGE_STRING "GnuCOBOL 3.0-rc1"
| #define PACKAGE_BUGREPORT "bug-gnucobol@gnu.org"
| #define PACKAGE_URL "https://www.gnu.org/software/gnucobol/"
| #define PACKAGE "gnucobol"
| #define VERSION "3.0-rc1"
| #define PATCH_LEVEL 0
| #define MAX_CALL_FIELD_PARAMS 192
| #define STDC_HEADERS 1
| #define HAVE_SYS_TYPES_H 1
| #define HAVE_SYS_STAT_H 1
| #define HAVE_STDLIB_H 1
| #define HAVE_STRING_H 1
| #define HAVE_MEMORY_H 1
| #define HAVE_STRINGS_H 1
| #define HAVE_INTTYPES_H 1
| #define HAVE_STDINT_H 1
| #define HAVE_UNISTD_H 1
| #define __EXTENSIONS__ 1
| #define _ALL_SOURCE 1
| #define _GNU_SOURCE 1
| #define _POSIX_PTHREAD_SEMANTICS 1
| #define _TANDEM_SOURCE 1
| #define HAVE_DLFCN_H 1
| #define LT_OBJDIR ".libs/"
| #define STDC_HEADERS 1
| #define HAVE_STDINT_H 1
| #define HAVE_SYS_TYPES_H 1
| #define HAVE_SIGNAL_H 1
| #define HAVE_FCNTL_H 1
| #define HAVE_MALLOC_H 1
| #define HAVE_LOCALE_H 1
| #define HAVE_STDDEF_H 1
| #define HAVE_WCHAR_H 1
| #define HAVE_DLFCN_H 1
| #define HAVE_SYS_TIME_H 1
| #define HAVE_SYS_WAIT_H 1
| #define HAVE_SIG_ATOMIC_T 1
| #define COB_KEYWORD_INLINE __inline
| #define HAVE_VPRINTF 1
| #define HAVE_MEMMOVE 1
| #define HAVE_MEMSET 1
| #define HAVE_SETLOCALE 1
| #define HAVE_FCNTL 1
| #define HAVE_STRERROR 1
| #define HAVE_STRCASECMP 1
| #define HAVE_STRCHR 1
| #define HAVE_STRRCHR 1
| #define HAVE_STRDUP 1
| #define HAVE_STRSTR 1
| #define HAVE_STRTOL 1
| #define HAVE_GETTIMEOFDAY 1
| #define HAVE_LOCALECONV 1
| #define HAVE_READLINK 1
| #define HAVE_CANONICALIZE_FILE_NAME 1
| #define HAVE_REALPATH 1
| #define HAVE_STRCOLL 1
| #define HAVE_STRXFRM 1
| #define HAVE_SETENV 1
| #define HAVE_RAISE 1
| #define HAVE_TIMEZONE 1
| #define HAVE_DESIGNATED_INITS 1
| /* end confdefs.h.  */
| 
| 	#ifndef __xlc__
| 	# error macro not defined
| 	#endif
configure:13955: result: no
configure:13960: checking for __WATCOMC__
configure:13969: gcc -std=gnu99 -c -g -O2  conftest.c >&5
conftest.c:69:4: error: #error macro not defined
  # error macro not defined
    ^
configure:13969: $? = 1
configure: failed program was:
| /* confdefs.h */
| #define PACKAGE_NAME "GnuCOBOL"
| #define PACKAGE_TARNAME "gnucobol"
| #define PACKAGE_VERSION "3.0-rc1"
| #define PACKAGE_STRING "GnuCOBOL 3.0-rc1"
| #define PACKAGE_BUGREPORT "bug-gnucobol@gnu.org"
| #define PACKAGE_URL "https://www.gnu.org/software/gnucobol/"
| #define PACKAGE "gnucobol"
| #define VERSION "3.0-rc1"
| #define PATCH_LEVEL 0
| #define MAX_CALL_FIELD_PARAMS 192
| #define STDC_HEADERS 1
| #define HAVE_SYS_TYPES_H 1
| #define HAVE_SYS_STAT_H 1
| #define HAVE_STDLIB_H 1
| #define HAVE_STRING_H 1
| #define HAVE_MEMORY_H 1
| #define HAVE_STRINGS_H 1
| #define HAVE_INTTYPES_H 1
| #define HAVE_STDINT_H 1
| #define HAVE_UNISTD_H 1
| #define __EXTENSIONS__ 1
| #define _ALL_SOURCE 1
| #define _GNU_SOURCE 1
| #define _POSIX_PTHREAD_SEMANTICS 1
| #define _TANDEM_SOURCE 1
| #define HAVE_DLFCN_H 1
| #define LT_OBJDIR ".libs/"
| #define STDC_HEADERS 1
| #define HAVE_STDINT_H 1
| #define HAVE_SYS_TYPES_H 1
| #define HAVE_SIGNAL_H 1
| #define HAVE_FCNTL_H 1
| #define HAVE_MALLOC_H 1
| #define HAVE_LOCALE_H 1
| #define HAVE_STDDEF_H 1
| #define HAVE_WCHAR_H 1
| #define HAVE_DLFCN_H 1
| #define HAVE_SYS_TIME_H 1
| #define HAVE_SYS_WAIT_H 1
| #define HAVE_SIG_ATOMIC_T 1
| #define COB_KEYWORD_INLINE __inline
| #define HAVE_VPRINTF 1
| #define HAVE_MEMMOVE 1
| #define HAVE_MEMSET 1
| #define HAVE_SETLOCALE 1
| #define HAVE_FCNTL 1
| #define HAVE_STRERROR 1
| #define HAVE_STRCASECMP 1
| #define HAVE_STRCHR 1
| #define HAVE_STRRCHR 1
| #define HAVE_STRDUP 1
| #define HAVE_STRSTR 1
| #define HAVE_STRTOL 1
| #define HAVE_GETTIMEOFDAY 1
| #define HAVE_LOCALECONV 1
| #define HAVE_READLINK 1
| #define HAVE_CANONICALIZE_FILE_NAME 1
| #define HAVE_REALPATH 1
| #define HAVE_STRCOLL 1
| #define HAVE_STRXFRM 1
| #define HAVE_SETENV 1
| #define HAVE_RAISE 1
| #define HAVE_TIMEZONE 1
| #define HAVE_DESIGNATED_INITS 1
| /* end confdefs.h.  */
| 
| 	#ifndef __WATCOMC__
| 	# error macro not defined
| 	#endif
configure:13974: result: no
configure:14003: checking whether to build with code coverage support
configure:14023: result: no
configure:14681: Checks for GMP ...
configure:14685: checking gmp.h usability
configure:14685: gcc -std=gnu99 -c -g -O2  conftest.c >&5
configure:14685: $? = 0
configure:14685: result: yes
configure:14685: checking gmp.h presence
configure:14685: gcc -std=gnu99 -E  conftest.c
configure:14685: $? = 0
configure:14685: result: yes
configure:14685: checking for gmp.h
configure:14685: result: yes
configure:14698: checking for __gmpz_init in -lgmp
configure:14723: gcc -std=gnu99 -o conftest -g -O2   conftest.c -lgmp   >&5
configure:14723: $? = 0
configure:14732: result: yes
configure:14762: gcc -std=gnu99 -o conftest -g -O2   conftest.c  >&5
configure:14762: $? = 0
configure:14762: ./conftest
configure:14762: $? = 0
configure:14797: gcc -std=gnu99 -o conftest -g -O2   conftest.c  -lgmp >&5
configure:14797: $? = 0
configure:14797: ./conftest
configure:14797: $? = 0
configure:14810: checking matching GMP version
configure:14816: result: yes (6.0)
configure:14828: checking for __gmp_get_memory_functions in -lgmp
configure:14853: gcc -std=gnu99 -o conftest -g -O2   conftest.c -lgmp   >&5
configure:14853: $? = 0
configure:14862: result: yes
configure:14872: checking for nanosleep
configure:14885: gcc -std=gnu99 -o conftest -g -O2   conftest.c  >&5
configure:14885: $? = 0
configure:14887: result: yes
configure:15002: checking for clock_gettime and CLOCK_REALTIME
configure:15015: gcc -std=gnu99 -o conftest -g -O2   conftest.c  >&5
configure:15015: $? = 0
configure:15017: result: yes
configure:15026: checking for isfinite 
configure:15039: gcc -std=gnu99 -o conftest -g -O2   conftest.c  >&5
configure:15039: $? = 0
configure:15041: result: yes
configure:15059: checking prototype for finite in <math.h>
configure:15068: result: yes
configure:15099: checking for fdatasync
configure:15099: gcc -std=gnu99 -o conftest -g -O2   conftest.c  >&5
configure:15099: $? = 0
configure:15099: result: yes
configure:15099: checking for sigaction
configure:15099: gcc -std=gnu99 -o conftest -g -O2   conftest.c  >&5
configure:15099: $? = 0
configure:15099: result: yes
configure:15132: checking whether NLS is requested
configure:15141: result: yes
configure:15181: checking for msgfmt
configure: trying /bin/msgfmt...
0 translated messages.
configure:15213: result: /bin/msgfmt
configure:15222: checking for gmsgfmt
configure:15253: result: /bin/msgfmt
configure:15303: checking for xgettext
configure: trying /bin/xgettext...
/bin/xgettext: warning: file '/dev/null' extension '' is unknown; will try C
configure:15335: result: /bin/xgettext
configure:15380: checking for msgmerge
configure: trying /bin/msgmerge...
configure:15411: result: /bin/msgmerge
configure:15997: checking for CFPreferencesCopyAppValue
configure:16024: result: no
configure:16031: checking for CFLocaleCopyCurrent
configure:16058: result: no
configure:16107: checking for GNU gettext in libc
configure:16136: gcc -std=gnu99 -o conftest -g -O2   conftest.c  >&5
configure:16136: $? = 0
configure:16145: result: yes
configure:16992: checking whether to use NLS
configure:16994: result: yes
configure:16997: checking where the gettext function comes from
configure:17008: result: libc
configure:17074: checking for nl_langinfo and CODESET
configure:17090: gcc -std=gnu99 -o conftest -g -O2   conftest.c  >&5
configure:17090: $? = 0
configure:17099: result: yes
configure:17109: Checks for curses ...
configure:17113: checking for initscr in -lncursesw
configure:17138: gcc -std=gnu99 -o conftest -g -O2   conftest.c -lncursesw   >&5
configure:17138: $? = 0
configure:17147: result: yes
configure:17161: checking ncursesw/ncurses.h usability
configure:17161: gcc -std=gnu99 -c -g -O2  conftest.c >&5
configure:17161: $? = 0
configure:17161: result: yes
configure:17161: checking ncursesw/ncurses.h presence
configure:17161: gcc -std=gnu99 -E  conftest.c
configure:17161: $? = 0
configure:17161: result: yes
configure:17161: checking for ncursesw/ncurses.h
configure:17161: result: yes
configure:17493: checking for ncurses _nc_freeall function
configure:17507: gcc -std=gnu99 -o conftest -g -O2   conftest.c -lncursesw  >&5
configure:17507: $? = 0
configure:17509: result: yes
configure:17517: checking for ncurses use_legacy_coding function
configure:17531: gcc -std=gnu99 -o conftest -g -O2   conftest.c -lncursesw  >&5
configure:17531: $? = 0
configure:17533: result: yes
configure:17544: checking for curses color_set function
configure:17572: gcc -std=gnu99 -o conftest -g -O2   conftest.c -lncursesw  >&5
configure:17572: $? = 0
configure:17574: result: yes
configure:17583: checking for curses define_key function
configure:17611: gcc -std=gnu99 -o conftest -g -O2   conftest.c -lncursesw  >&5
configure:17611: $? = 0
configure:17613: result: yes
configure:17813: checking for _WIN32
configure:17822: gcc -std=gnu99 -c -g -O2  conftest.c >&5
conftest.c:88:4: error: #error macro not defined
  # error macro not defined
    ^
configure:17822: $? = 1
configure: failed program was:
| /* confdefs.h */
| #define PACKAGE_NAME "GnuCOBOL"
| #define PACKAGE_TARNAME "gnucobol"
| #define PACKAGE_VERSION "3.0-rc1"
| #define PACKAGE_STRING "GnuCOBOL 3.0-rc1"
| #define PACKAGE_BUGREPORT "bug-gnucobol@gnu.org"
| #define PACKAGE_URL "https://www.gnu.org/software/gnucobol/"
| #define PACKAGE "gnucobol"
| #define VERSION "3.0-rc1"
| #define PATCH_LEVEL 0
| #define MAX_CALL_FIELD_PARAMS 192
| #define STDC_HEADERS 1
| #define HAVE_SYS_TYPES_H 1
| #define HAVE_SYS_STAT_H 1
| #define HAVE_STDLIB_H 1
| #define HAVE_STRING_H 1
| #define HAVE_MEMORY_H 1
| #define HAVE_STRINGS_H 1
| #define HAVE_INTTYPES_H 1
| #define HAVE_STDINT_H 1
| #define HAVE_UNISTD_H 1
| #define __EXTENSIONS__ 1
| #define _ALL_SOURCE 1
| #define _GNU_SOURCE 1
| #define _POSIX_PTHREAD_SEMANTICS 1
| #define _TANDEM_SOURCE 1
| #define HAVE_DLFCN_H 1
| #define LT_OBJDIR ".libs/"
| #define STDC_HEADERS 1
| #define HAVE_STDINT_H 1
| #define HAVE_SYS_TYPES_H 1
| #define HAVE_SIGNAL_H 1
| #define HAVE_FCNTL_H 1
| #define HAVE_MALLOC_H 1
| #define HAVE_LOCALE_H 1
| #define HAVE_STDDEF_H 1
| #define HAVE_WCHAR_H 1
| #define HAVE_DLFCN_H 1
| #define HAVE_SYS_TIME_H 1
| #define HAVE_SYS_WAIT_H 1
| #define HAVE_SIG_ATOMIC_T 1
| #define COB_KEYWORD_INLINE __inline
| #define HAVE_VPRINTF 1
| #define HAVE_MEMMOVE 1
| #define HAVE_MEMSET 1
| #define HAVE_SETLOCALE 1
| #define HAVE_FCNTL 1
| #define HAVE_STRERROR 1
| #define HAVE_STRCASECMP 1
| #define HAVE_STRCHR 1
| #define HAVE_STRRCHR 1
| #define HAVE_STRDUP 1
| #define HAVE_STRSTR 1
| #define HAVE_STRTOL 1
| #define HAVE_GETTIMEOFDAY 1
| #define HAVE_LOCALECONV 1
| #define HAVE_READLINK 1
| #define HAVE_CANONICALIZE_FILE_NAME 1
| #define HAVE_REALPATH 1
| #define HAVE_STRCOLL 1
| #define HAVE_STRXFRM 1
| #define HAVE_SETENV 1
| #define HAVE_RAISE 1
| #define HAVE_TIMEZONE 1
| #define HAVE_DESIGNATED_INITS 1
| #define WITH_VARSEQ 0
| #define HAVE_GMP_H 1
| #define HAVE_MP_GET_MEMORY_FUNCTIONS 1
| #define HAVE_NANO_SLEEP 1
| #define HAVE_CLOCK_GETTIME 1
| #define HAVE_ISFINITE 1
| #define HAVE_FDATASYNC 1
| #define HAVE_SIGACTION 1
| #define ENABLE_NLS 1
| #define HAVE_GETTEXT 1
| #define HAVE_DCGETTEXT 1
| #define HAVE_LANGINFO_CODESET 1
| #define HAVE_LIBNCURSESW 1
| #define HAVE_NCURSESW_NCURSES_H 1
| #define WITH_CURSES "ncursesw"
| #define HAVE_CURSES_FREEALL 1
| #define HAVE_USE_LEGACY_CODING 1
| #define HAVE_COLOR_SET 1
| #define HAVE_DEFINE_KEY 1
| /* end confdefs.h.  */
| 
| 	#ifndef _WIN32
| 	# error macro not defined
| 	#endif
configure:17827: result: no
configure:17834: checking for dlopen in -lc
configure:17859: gcc -std=gnu99 -o conftest -g -O2   conftest.c -lc  -lncursesw  >&5
/bin/ld: /tmp/ccJ5L390.o: undefined reference to symbol 'dlopen@@GLIBC_2.2.5'
//usr/lib64/libdl.so.2: error adding symbols: DSO missing from command line
collect2: error: ld returned 1 exit status
configure:17859: $? = 1
configure: failed program was:
| /* confdefs.h */
| #define PACKAGE_NAME "GnuCOBOL"
| #define PACKAGE_TARNAME "gnucobol"
| #define PACKAGE_VERSION "3.0-rc1"
| #define PACKAGE_STRING "GnuCOBOL 3.0-rc1"
| #define PACKAGE_BUGREPORT "bug-gnucobol@gnu.org"
| #define PACKAGE_URL "https://www.gnu.org/software/gnucobol/"
| #define PACKAGE "gnucobol"
| #define VERSION "3.0-rc1"
| #define PATCH_LEVEL 0
| #define MAX_CALL_FIELD_PARAMS 192
| #define STDC_HEADERS 1
| #define HAVE_SYS_TYPES_H 1
| #define HAVE_SYS_STAT_H 1
| #define HAVE_STDLIB_H 1
| #define HAVE_STRING_H 1
| #define HAVE_MEMORY_H 1
| #define HAVE_STRINGS_H 1
| #define HAVE_INTTYPES_H 1
| #define HAVE_STDINT_H 1
| #define HAVE_UNISTD_H 1
| #define __EXTENSIONS__ 1
| #define _ALL_SOURCE 1
| #define _GNU_SOURCE 1
| #define _POSIX_PTHREAD_SEMANTICS 1
| #define _TANDEM_SOURCE 1
| #define HAVE_DLFCN_H 1
| #define LT_OBJDIR ".libs/"
| #define STDC_HEADERS 1
| #define HAVE_STDINT_H 1
| #define HAVE_SYS_TYPES_H 1
| #define HAVE_SIGNAL_H 1
| #define HAVE_FCNTL_H 1
| #define HAVE_MALLOC_H 1
| #define HAVE_LOCALE_H 1
| #define HAVE_STDDEF_H 1
| #define HAVE_WCHAR_H 1
| #define HAVE_DLFCN_H 1
| #define HAVE_SYS_TIME_H 1
| #define HAVE_SYS_WAIT_H 1
| #define HAVE_SIG_ATOMIC_T 1
| #define COB_KEYWORD_INLINE __inline
| #define HAVE_VPRINTF 1
| #define HAVE_MEMMOVE 1
| #define HAVE_MEMSET 1
| #define HAVE_SETLOCALE 1
| #define HAVE_FCNTL 1
| #define HAVE_STRERROR 1
| #define HAVE_STRCASECMP 1
| #define HAVE_STRCHR 1
| #define HAVE_STRRCHR 1
| #define HAVE_STRDUP 1
| #define HAVE_STRSTR 1
| #define HAVE_STRTOL 1
| #define HAVE_GETTIMEOFDAY 1
| #define HAVE_LOCALECONV 1
| #define HAVE_READLINK 1
| #define HAVE_CANONICALIZE_FILE_NAME 1
| #define HAVE_REALPATH 1
| #define HAVE_STRCOLL 1
| #define HAVE_STRXFRM 1
| #define HAVE_SETENV 1
| #define HAVE_RAISE 1
| #define HAVE_TIMEZONE 1
| #define HAVE_DESIGNATED_INITS 1
| #define WITH_VARSEQ 0
| #define HAVE_GMP_H 1
| #define HAVE_MP_GET_MEMORY_FUNCTIONS 1
| #define HAVE_NANO_SLEEP 1
| #define HAVE_CLOCK_GETTIME 1
| #define HAVE_ISFINITE 1
| #define HAVE_FDATASYNC 1
| #define HAVE_SIGACTION 1
| #define ENABLE_NLS 1
| #define HAVE_GETTEXT 1
| #define HAVE_DCGETTEXT 1
| #define HAVE_LANGINFO_CODESET 1
| #define HAVE_LIBNCURSESW 1
| #define HAVE_NCURSESW_NCURSES_H 1
| #define WITH_CURSES "ncursesw"
| #define HAVE_CURSES_FREEALL 1
| #define HAVE_USE_LEGACY_CODING 1
| #define HAVE_COLOR_SET 1
| #define HAVE_DEFINE_KEY 1
| /* end confdefs.h.  */
| 
| /* Override any GCC internal prototype to avoid an error.
|    Use char because int might match the return type of a GCC
|    builtin and then its argument prototype would still apply.  */
| #ifdef __cplusplus
| extern "C"
| #endif
| char dlopen ();
| int
| main ()
| {
| return dlopen ();
|   ;
|   return 0;
| }
configure:17868: result: no
configure:17875: checking for dlopen in -ldl
configure:17909: result: yes
configure:17919: checking for dladdr in -ldl
configure:17944: gcc -std=gnu99 -o conftest -g -O2   conftest.c -ldl  -lncursesw  >&5
configure:17944: $? = 0
configure:17953: result: yes
configure:18156: checking for support of computed gotos
configure:18173: gcc -std=gnu99 -c -g -O2  conftest.c >&5
configure:18173: $? = 0
configure:18176: result: yes
configure:18185: checking if size of long int = size of long long
configure:18221: gcc -std=gnu99 -o conftest -g -O2   conftest.c -lncursesw  >&5
configure:18221: $? = 0
configure:18221: ./conftest
configure:18221: $? = 0
configure:18223: result: yes
configure:18234: checking if long is 32 bits
configure:18270: gcc -std=gnu99 -o conftest -g -O2   conftest.c -lncursesw  >&5
configure:18270: $? = 0
configure:18270: ./conftest
configure:18270: $? = 1
configure: program exited with status 1
configure: failed program was:
| /* confdefs.h */
| #define PACKAGE_NAME "GnuCOBOL"
| #define PACKAGE_TARNAME "gnucobol"
| #define PACKAGE_VERSION "3.0-rc1"
| #define PACKAGE_STRING "GnuCOBOL 3.0-rc1"
| #define PACKAGE_BUGREPORT "bug-gnucobol@gnu.org"
| #define PACKAGE_URL "https://www.gnu.org/software/gnucobol/"
| #define PACKAGE "gnucobol"
| #define VERSION "3.0-rc1"
| #define PATCH_LEVEL 0
| #define MAX_CALL_FIELD_PARAMS 192
| #define STDC_HEADERS 1
| #define HAVE_SYS_TYPES_H 1
| #define HAVE_SYS_STAT_H 1
| #define HAVE_STDLIB_H 1
| #define HAVE_STRING_H 1
| #define HAVE_MEMORY_H 1
| #define HAVE_STRINGS_H 1
| #define HAVE_INTTYPES_H 1
| #define HAVE_STDINT_H 1
| #define HAVE_UNISTD_H 1
| #define __EXTENSIONS__ 1
| #define _ALL_SOURCE 1
| #define _GNU_SOURCE 1
| #define _POSIX_PTHREAD_SEMANTICS 1
| #define _TANDEM_SOURCE 1
| #define HAVE_DLFCN_H 1
| #define LT_OBJDIR ".libs/"
| #define STDC_HEADERS 1
| #define HAVE_STDINT_H 1
| #define HAVE_SYS_TYPES_H 1
| #define HAVE_SIGNAL_H 1
| #define HAVE_FCNTL_H 1
| #define HAVE_MALLOC_H 1
| #define HAVE_LOCALE_H 1
| #define HAVE_STDDEF_H 1
| #define HAVE_WCHAR_H 1
| #define HAVE_DLFCN_H 1
| #define HAVE_SYS_TIME_H 1
| #define HAVE_SYS_WAIT_H 1
| #define HAVE_SIG_ATOMIC_T 1
| #define COB_KEYWORD_INLINE __inline
| #define HAVE_VPRINTF 1
| #define HAVE_MEMMOVE 1
| #define HAVE_MEMSET 1
| #define HAVE_SETLOCALE 1
| #define HAVE_FCNTL 1
| #define HAVE_STRERROR 1
| #define HAVE_STRCASECMP 1
| #define HAVE_STRCHR 1
| #define HAVE_STRRCHR 1
| #define HAVE_STRDUP 1
| #define HAVE_STRSTR 1
| #define HAVE_STRTOL 1
| #define HAVE_GETTIMEOFDAY 1
| #define HAVE_LOCALECONV 1
| #define HAVE_READLINK 1
| #define HAVE_CANONICALIZE_FILE_NAME 1
| #define HAVE_REALPATH 1
| #define HAVE_STRCOLL 1
| #define HAVE_STRXFRM 1
| #define HAVE_SETENV 1
| #define HAVE_RAISE 1
| #define HAVE_TIMEZONE 1
| #define HAVE_DESIGNATED_INITS 1
| #define WITH_VARSEQ 0
| #define HAVE_GMP_H 1
| #define HAVE_MP_GET_MEMORY_FUNCTIONS 1
| #define HAVE_NANO_SLEEP 1
| #define HAVE_CLOCK_GETTIME 1
| #define HAVE_ISFINITE 1
| #define HAVE_FDATASYNC 1
| #define HAVE_SIGACTION 1
| #define ENABLE_NLS 1
| #define HAVE_GETTEXT 1
| #define HAVE_DCGETTEXT 1
| #define HAVE_LANGINFO_CODESET 1
| #define HAVE_LIBNCURSESW 1
| #define HAVE_NCURSESW_NCURSES_H 1
| #define WITH_CURSES "ncursesw"
| #define HAVE_CURSES_FREEALL 1
| #define HAVE_USE_LEGACY_CODING 1
| #define HAVE_COLOR_SET 1
| #define HAVE_DEFINE_KEY 1
| #define USE_LIBDL 1
| #define HAVE_DLADDR 1
| #define COB_COMPUTED_GOTO 1
| #define COB_LI_IS_LL 1
| /* end confdefs.h.  */
| 
| int
| main ()
| {
| 
| 	if (sizeof (long) == 4)
| 		return 0;
| 	return 1;
| 
|   ;
|   return 0;
| }
configure:18275: result: no
configure:18287: checking if pointer is longer than 32 bits
configure:18329: gcc -std=gnu99 -o conftest -g -O2   conftest.c -lncursesw  >&5
configure:18329: $? = 0
configure:18329: ./conftest
configure:18329: $? = 0
configure:18333: result: yes
configure:18369: checking for aligned attribute
configure:18382: gcc -std=gnu99 -c -g -O2  conftest.c >&5
configure:18382: $? = 0
configure:18384: result: yes
configure:18522: checking for gcc pointer sign option
configure:18535: gcc -std=gnu99 -c -O2 -pipe -Wno-pointer-sign  conftest.c >&5
configure:18535: $? = 0
configure:18536: result: yes
configure:18672: checking for ld bind now option
configure:18685: gcc -std=gnu99 -o conftest -O2 -pipe   -Wl,-z,relro,-z,now,-O1 conftest.c  >&5
configure:18685: $? = 0
configure:18686: result: yes
configure:18932: checking that generated files are newer than configure
configure:18938: result: done
configure:18974: creating ./config.status

## ---------------------- ##
## Running config.status. ##
## ---------------------- ##

This file was extended by GnuCOBOL config.status 3.0-rc1, which was
generated by GNU Autoconf 2.69.  Invocation command line was

  CONFIG_FILES    = 
  CONFIG_HEADERS  = 
  CONFIG_LINKS    = 
  CONFIG_COMMANDS = 
  $ ./config.status 

on ip-10-0-1-244.us-west-2.compute.internal

config.status:1346: creating bin/cob-config
config.status:1346: creating Makefile
config.status:1346: creating libcob/Makefile
config.status:1346: creating lib/Makefile
config.status:1346: creating cobc/Makefile
config.status:1346: creating bin/Makefile
config.status:1346: creating po/Makefile.in
config.status:1346: creating doc/Makefile
config.status:1346: creating config/Makefile
config.status:1346: creating copy/Makefile
config.status:1346: creating tests/atlocal
config.status:1346: creating tests/Makefile
config.status:1346: creating tests/cobol85/Makefile
config.status:1346: creating extras/Makefile
config.status:1346: creating config.h
config.status:1575: executing tests/atconfig commands
config.status:1575: executing depfiles commands
config.status:1575: executing libtool commands
config.status:1575: executing po-directories commands
config.status:1575: executing chmod commands
configure:21288: GnuCOBOL Configuration:
configure:21290:  CC                gcc -std=gnu99
configure:21292:  CFLAGS            -O2 -pipe -finline-functions -fsigned-char -Wall -Wwrite-strings -Wmissing-prototypes -Wno-format-y2k -U_FORTIFY_SOURCE
configure:21294:  LDFLAGS            -Wl,-z,relro,-z,now,-O1
configure:21300:  COB_CC            gcc -std=gnu99
configure:21302:  COB_CFLAGS        -I/usr/local/include -Wno-unused -fsigned-char -Wno-pointer-sign -pipe
configure:21304:  COB_LDFLAGS       
configure:21306:  COB_LIBS          -L${exec_prefix}/lib -lcob -lm -lgmp -lncursesw -ldl
configure:21308:  COB_CONFIG_DIR    ${datarootdir}/gnucobol/config
configure:21310:  COB_COPY_DIR      ${datarootdir}/gnucobol/copy
configure:21312:  COB_LIBRARY_PATH  ${exec_prefix}/lib/gnucobol
configure:21314:  COB_OBJECT_EXT    o
configure:21316:  COB_MODULE_EXT    so
configure:21318:  COB_EXE_EXT       
configure:21320:  COB_SHARED_OPT    -shared
configure:21322:  COB_PIC_FLAGS     -fPIC -DPIC
configure:21324:  COB_EXPORT_DYN    -Wl,--export-dynamic
configure:21327:  COB_STRIP_CMD     strip --strip-unneeded
configure:21331:  Dynamic loading:                             System
configure:21337:  Use gettext for international messages:      yes
configure:21339:  Use fcntl for file locking:                  yes
configure:21351:  Use ncurses/pdcurses/curses for screen I/O:  ncursesw
configure:21379:  ISAM I/O (no handler configured):            NO

## ---------------- ##
## Cache variables. ##
## ---------------- ##

ac_cv_build=x86_64-pc-linux-gnu
ac_cv_c_bigendian=no
ac_cv_c_compiler_gnu=yes
ac_cv_c_const=yes
ac_cv_env_CC_set=
ac_cv_env_CC_value=
ac_cv_env_CFLAGS_set=
ac_cv_env_CFLAGS_value=
ac_cv_env_CPPFLAGS_set=
ac_cv_env_CPPFLAGS_value=
ac_cv_env_CPP_set=
ac_cv_env_CPP_value=
ac_cv_env_LDFLAGS_set=
ac_cv_env_LDFLAGS_value=
ac_cv_env_LIBS_set=
ac_cv_env_LIBS_value=
ac_cv_env_LT_SYS_LIBRARY_PATH_set=
ac_cv_env_LT_SYS_LIBRARY_PATH_value=
ac_cv_env_YACC_set=
ac_cv_env_YACC_value=
ac_cv_env_YFLAGS_set=
ac_cv_env_YFLAGS_value=
ac_cv_env_build_alias_set=
ac_cv_env_build_alias_value=
ac_cv_env_host_alias_set=
ac_cv_env_host_alias_value=
ac_cv_env_target_alias_set=
ac_cv_env_target_alias_value=
ac_cv_func__doprnt=no
ac_cv_func_canonicalize_file_name=yes
ac_cv_func_dlopen=no
ac_cv_func_fcntl=yes
ac_cv_func_fdatasync=yes
ac_cv_func_getexecname=no
ac_cv_func_gettimeofday=yes
ac_cv_func_localeconv=yes
ac_cv_func_memmove=yes
ac_cv_func_memset=yes
ac_cv_func_raise=yes
ac_cv_func_readlink=yes
ac_cv_func_realpath=yes
ac_cv_func_setenv=yes
ac_cv_func_setlocale=yes
ac_cv_func_shl_load=no
ac_cv_func_sigaction=yes
ac_cv_func_strcasecmp=yes
ac_cv_func_strchr=yes
ac_cv_func_strcoll=yes
ac_cv_func_strdup=yes
ac_cv_func_strerror=yes
ac_cv_func_strrchr=yes
ac_cv_func_strstr=yes
ac_cv_func_strtol=yes
ac_cv_func_strxfrm=yes
ac_cv_func_vprintf=yes
ac_cv_header_dlfcn_h=yes
ac_cv_header_fcntl_h=yes
ac_cv_header_gmp_h=yes
ac_cv_header_inttypes_h=yes
ac_cv_header_locale_h=yes
ac_cv_header_malloc_h=yes
ac_cv_header_memory_h=yes
ac_cv_header_minix_config_h=no
ac_cv_header_ncursesw_ncurses_h=yes
ac_cv_header_signal_h=yes
ac_cv_header_stdc=yes
ac_cv_header_stddef_h=yes
ac_cv_header_stdint_h=yes
ac_cv_header_stdlib_h=yes
ac_cv_header_string_h=yes
ac_cv_header_strings_h=yes
ac_cv_header_sys_stat_h=yes
ac_cv_header_sys_time_h=yes
ac_cv_header_sys_types_h=yes
ac_cv_header_sys_wait_h=yes
ac_cv_header_unistd_h=yes
ac_cv_header_wchar_h=yes
ac_cv_host=x86_64-pc-linux-gnu
ac_cv_lib_c_dlopen=no
ac_cv_lib_dl_dladdr=yes
ac_cv_lib_dl_dlopen=yes
ac_cv_lib_dld_shl_load=no
ac_cv_lib_gmp___gmp_get_memory_functions=yes
ac_cv_lib_gmp___gmpz_init=yes
ac_cv_lib_ncursesw_initscr=yes
ac_cv_objext=o
ac_cv_path_EGREP='/bin/grep -E'
ac_cv_path_FGREP='/bin/grep -F'
ac_cv_path_GMSGFMT=/bin/msgfmt
ac_cv_path_GREP=/bin/grep
ac_cv_path_MSGFMT=/bin/msgfmt
ac_cv_path_MSGMERGE=/bin/msgmerge
ac_cv_path_SED=/bin/sed
ac_cv_path_XGETTEXT=/bin/xgettext
ac_cv_path_install='/bin/install -c'
ac_cv_path_lt_DD=/bin/dd
ac_cv_path_mkdir=/bin/mkdir
ac_cv_prog_AWK=gawk
ac_cv_prog_CPP='gcc -std=gnu99 -E'
ac_cv_prog_ac_ct_AR=ar
ac_cv_prog_ac_ct_CC=gcc
ac_cv_prog_ac_ct_OBJDUMP=objdump
ac_cv_prog_ac_ct_RANLIB=ranlib
ac_cv_prog_ac_ct_STRIP=strip
ac_cv_prog_cc_c89=
ac_cv_prog_cc_c99=-std=gnu99
ac_cv_prog_cc_g=yes
ac_cv_prog_cc_stdc=-std=gnu99
ac_cv_prog_make_make_set=yes
ac_cv_safe_to_define___extensions__=yes
ac_cv_struct_tm=time.h
ac_cv_type_sig_atomic_t=yes
ac_cv_type_size_t=yes
acl_cv_hardcode_direct=no
acl_cv_hardcode_libdir_flag_spec='${wl}-rpath ${wl}$libdir'
acl_cv_hardcode_libdir_separator=
acl_cv_hardcode_minus_L=no
acl_cv_libext=a
acl_cv_libname_spec='lib$name'
acl_cv_library_names_spec='$libname$shrext'
acl_cv_path_LD='/bin/ld -m elf_x86_64'
acl_cv_prog_gnu_ld=yes
acl_cv_rpath=done
acl_cv_shlibext=so
acl_cv_wl=-Wl,
am_cv_CC_dependencies_compiler_type=gcc3
am_cv_langinfo_codeset=yes
am_cv_make_support_nested_variables=yes
am_cv_prog_cc_c_o=yes
gt_cv_func_CFLocaleCopyCurrent=no
gt_cv_func_CFPreferencesCopyAppValue=no
gt_cv_func_gnugettext1_libc=yes
lt_cv_ar_at_file=@
lt_cv_archive_cmds_need_lc=no
lt_cv_deplibs_check_method=pass_all
lt_cv_dlopen=dlopen
lt_cv_dlopen_libs=-ldl
lt_cv_dlopen_self=yes
lt_cv_dlopen_self_static=yes
lt_cv_file_magic_cmd='$MAGIC_CMD'
lt_cv_file_magic_test_file=
lt_cv_ld_reload_flag=-r
lt_cv_nm_interface='BSD nm'
lt_cv_objdir=.libs
lt_cv_path_LD=/bin/ld
lt_cv_path_NM='/bin/nm -B'
lt_cv_path_mainfest_tool=no
lt_cv_prog_compiler_c_o=yes
lt_cv_prog_compiler_pic='-fPIC -DPIC'
lt_cv_prog_compiler_pic_works=yes
lt_cv_prog_compiler_rtti_exceptions=no
lt_cv_prog_compiler_static_works=no
lt_cv_prog_gnu_ld=yes
lt_cv_sharedlib_from_linklib_cmd='printf %s\n'
lt_cv_shlibpath_overrides_runpath=no
lt_cv_sys_global_symbol_pipe='sed -n -e '\''s/^.*[	 ]\([ABCDGIRSTW][ABCDGIRSTW]*\)[	 ][	 ]*\([_A-Za-z][_A-Za-z0-9]*\)$/\1 \2 \2/p'\'' | sed '\''/ __gnu_lto/d'\'''
lt_cv_sys_global_symbol_to_c_name_address='sed -n -e '\''s/^: \(.*\) .*$/  {"\1", (void *) 0},/p'\'' -e '\''s/^[ABCDGIRSTW][ABCDGIRSTW]* .* \(.*\)$/  {"\1", (void *) \&\1},/p'\'''
lt_cv_sys_global_symbol_to_c_name_address_lib_prefix='sed -n -e '\''s/^: \(.*\) .*$/  {"\1", (void *) 0},/p'\'' -e '\''s/^[ABCDGIRSTW][ABCDGIRSTW]* .* \(lib.*\)$/  {"\1", (void *) \&\1},/p'\'' -e '\''s/^[ABCDGIRSTW][ABCDGIRSTW]* .* \(.*\)$/  {"lib\1", (void *) \&\1},/p'\'''
lt_cv_sys_global_symbol_to_cdecl='sed -n -e '\''s/^T .* \(.*\)$/extern int \1();/p'\'' -e '\''s/^[ABCDGIRSTW][ABCDGIRSTW]* .* \(.*\)$/extern char \1;/p'\'''
lt_cv_sys_global_symbol_to_import=
lt_cv_sys_max_cmd_len=1572864
lt_cv_to_host_file_cmd=func_convert_file_noop
lt_cv_to_tool_file_cmd=func_convert_file_noop
lt_cv_truncate_bin='/bin/dd bs=4096 count=1'

## ----------------- ##
## Output variables. ##
## ----------------- ##














	@echo "Need to reconfigure with --enable-code-coverage"
	@echo "Need to reconfigure with --enable-code-coverage"
 $(CODE_COVERAGE_IGNORE_PATTERN);
 $(CODE_COVERAGE_OUTPUT_FILE);
#
#
#    $(PACKAGE_NAME)-$(PACKAGE_VERSION)-coverage)
#    $(PACKAGE_NAME)-$(PACKAGE_VERSION)-coverage.info)
#    (Default: $(top_builddir))
#    (Default: empty)
#    Multiple directories may be specified, separated by whitespace.
#    by lcov for code coverage. (Default:
#    collecting lcov instance. (Default: $CODE_COVERAGE_LCOV_OPTIONS_GCOVPATH)
#    genhtml instance. (Default: based on $CODE_COVERAGE_BRANCH_COVERAGE)
#    instance. (Default: $CODE_COVERAGE_GENHTML_OPTIONS_DEFAULT)
#    instance. (Default: $CODE_COVERAGE_LCOV_OPTIONS_DEFAULT)
#    instance. (Default: $CODE_COVERAGE_LCOV_RMOPTS_DEFAULT)
#    instances. (Default: $CODE_COVERAGE_LCOV_SHOPTS_DEFAULT)
#    instances. (Default: based on $CODE_COVERAGE_BRANCH_COVERAGE)
#    lcov instance. (Default: empty)
#    reports to be created. (Default:
#    set to 0 to disable it and leave empty to stay with the default.
#  - CODE_COVERAGE_BRANCH_COVERAGE: Set to 1 to enforce branch coverage,
#  - CODE_COVERAGE_DIRECTORY: Top-level directory for code coverage reporting.
#  - CODE_COVERAGE_GENHTML_OPTIONS: Extra options to pass to the genhtml
#  - CODE_COVERAGE_GENHTML_OPTIONS_DEFAULT: Extra options to pass to the
#  - CODE_COVERAGE_IGNORE_PATTERN: Extra glob pattern of files to ignore
#  - CODE_COVERAGE_LCOV_OPTIONS: Extra options to pass to the collecting lcov
#  - CODE_COVERAGE_LCOV_OPTIONS_DEFAULT: Extra options to pass to the
#  - CODE_COVERAGE_LCOV_OPTIONS_GCOVPATH: --gcov-tool pathtogcov
#  - CODE_COVERAGE_LCOV_RMOPTS: Extra options to pass to the filtering lcov
#  - CODE_COVERAGE_LCOV_RMOPTS_DEFAULT: Extra options to pass to the filtering
#  - CODE_COVERAGE_LCOV_SHOPTS: Extra options to shared between both lcov
#  - CODE_COVERAGE_LCOV_SHOPTS_DEFAULT: Extra options shared between both lcov
#  - CODE_COVERAGE_OUTPUT_DIRECTORY: Directory for generated code coverage
#  - CODE_COVERAGE_OUTPUT_FILE: Filename and path for the .info file generated
# $(PACKAGE_VERSION). In order to add the current git hash to the title,
# Capture code coverage data
# Code coverage
# Hook rule executed before code-coverage-capture, overridable by the user
# Optional variables
# Optional:
# The generated report will be titled using the $(PACKAGE_NAME) and
# Use recursive makes in order to ignore errors during check
# sanitizes the test-name: replaces with underscores: dashes and dots
# use the git-version-gen script, available online.
$(if $(CODE_COVERAGE_BRANCH_COVERAGE),\
'
--rc genhtml_branch_coverage=$(CODE_COVERAGE_BRANCH_COVERAGE))
--rc lcov_branch_coverage=$(CODE_COVERAGE_BRANCH_COVERAGE))
.PHONY: check-code-coverage code-coverage-capture code-coverage-capture-hook code-coverage-clean
ACLOCAL='${SHELL} /home/centos/gnucobol-3.0-rc1/build_aux/missing aclocal-1.15'
AMDEPBACKSLASH='\'
AMDEP_FALSE='#'
AMDEP_TRUE=''
AMTAR='$${TAR-tar}'
AM_BACKSLASH='\'
AM_DEFAULT_V='$(AM_DEFAULT_VERBOSITY)'
AM_DEFAULT_VERBOSITY='1'
AM_DISTCHECK_CONFIGURE_FLAGS += --disable-code-coverage
AM_DISTCHECK_CONFIGURE_FLAGS ?=
AM_V='$(V)'
AR='ar'
AS='as'
AUTOCONF='${SHELL} /home/centos/gnucobol-3.0-rc1/build_aux/missing autoconf'
AUTOHEADER='${SHELL} /home/centos/gnucobol-3.0-rc1/build_aux/missing autoheader'
AUTOMAKE='${SHELL} /home/centos/gnucobol-3.0-rc1/build_aux/missing automake-1.15'
AWK='gawk'
CC='gcc -std=gnu99'
CCDEPMODE='depmode=gcc3'
CFLAGS='-O2 -pipe -finline-functions -fsigned-char -Wall -Wwrite-strings -Wmissing-prototypes -Wno-format-y2k -U_FORTIFY_SOURCE'
COBC_LIBS=''
COB_BIGENDIAN='no'
COB_CC='gcc -std=gnu99'
COB_CFLAGS='-I/usr/local/include -Wno-unused -fsigned-char -Wno-pointer-sign -pipe'
COB_CONFIG_DIR='${datarootdir}/gnucobol/config'
COB_COPY_DIR='${datarootdir}/gnucobol/copy'
COB_EXE_EXT=''
COB_EXPORT_DYN='-Wl,--export-dynamic'
COB_FIX_LIB='-Wl,--export-dynamic'
COB_FIX_LIBTOOL=''
COB_HAS_64_BIT_POINTER='yes'
COB_HAS_CURSES='yes'
COB_HAS_ISAM='no'
COB_KEYWORD_INLINE=''
COB_LDFLAGS=''
COB_LIBRARY_PATH='${exec_prefix}/lib/gnucobol'
COB_LIBS='-L${exec_prefix}/lib -lcob -lm -lgmp -lncursesw -ldl'
COB_MAKE_IX_FALSE=''
COB_MAKE_IX_TRUE='#'
COB_MAKE_RUN_BINARIES_FALSE='#'
COB_MAKE_RUN_BINARIES_TRUE=''
COB_MODULE_EXT='so'
COB_OBJECT_EXT='o'
COB_PATCH_LEVEL='0'
COB_PIC_FLAGS='-fPIC -DPIC'
COB_SHARED_OPT='-shared'
CODE_COVERAGE_BRANCH_COVERAGE ?=
CODE_COVERAGE_CFLAGS=''
CODE_COVERAGE_CPPFLAGS=''
CODE_COVERAGE_CXXFLAGS=''
CODE_COVERAGE_DIRECTORY ?= $(top_builddir)
CODE_COVERAGE_ENABLED='no'
CODE_COVERAGE_ENABLED_FALSE=''
CODE_COVERAGE_ENABLED_TRUE='#'
CODE_COVERAGE_GENHTML_OPTIONS ?= $(CODE_COVERAGE_GENHTML_OPTIONS_DEFAULT)
CODE_COVERAGE_GENHTML_OPTIONS_DEFAULT ?=\
CODE_COVERAGE_IGNORE_PATTERN ?=
CODE_COVERAGE_LCOV_OPTIONS ?= $(CODE_COVERAGE_LCOV_OPTIONS_DEFAULT)
CODE_COVERAGE_LCOV_OPTIONS_DEFAULT ?= $(CODE_COVERAGE_LCOV_OPTIONS_GCOVPATH)
CODE_COVERAGE_LCOV_OPTIONS_GCOVPATH ?= --gcov-tool "$(GCOV)"
CODE_COVERAGE_LCOV_RMOPTS ?= $(CODE_COVERAGE_LCOV_RMOPTS_DEFAULT)
CODE_COVERAGE_LCOV_RMOPTS_DEFAULT ?=
CODE_COVERAGE_LCOV_SHOPTS ?= $(CODE_COVERAGE_LCOV_SHOPTS_DEFAULT)
CODE_COVERAGE_LCOV_SHOPTS_DEFAULT ?= $(if $(CODE_COVERAGE_BRANCH_COVERAGE),\
CODE_COVERAGE_LDFLAGS=''
CODE_COVERAGE_LIBS=''
CODE_COVERAGE_OUTPUT_DIRECTORY ?= $(PACKAGE_NAME)-$(PACKAGE_VERSION)-coverage
CODE_COVERAGE_OUTPUT_FILE ?= $(PACKAGE_NAME)-$(PACKAGE_VERSION)-coverage.info
CODE_COVERAGE_RULES='
CPP='gcc -std=gnu99 -E'
CPPFLAGS=''
CYGPATH_W='echo'
DEFS='-DHAVE_CONFIG_H'
DEPDIR='.deps'
DLLTOOL='false'
DSYMUTIL=''
DUMPBIN=''
ECHO_C=''
ECHO_N='-n'
ECHO_T=''
EGREP='/bin/grep -E'
EXEEXT=''
FGREP='/bin/grep -F'
GCOV=''
GENHTML=''
GETTEXT_MACRO_VERSION='0.19'
GITIGNOREFILES += $(CODE_COVERAGE_OUTPUT_FILE) $(CODE_COVERAGE_OUTPUT_DIRECTORY)
GITIGNOREFILES ?=
GMSGFMT='/bin/msgfmt'
GMSGFMT_015='/bin/msgfmt'
GREP='/bin/grep'
HELP2MAN='${SHELL} /home/centos/gnucobol-3.0-rc1/build_aux/missing help2man'
INSTALL_DATA='${INSTALL} -m 644'
INSTALL_PROGRAM='${INSTALL}'
INSTALL_SCRIPT='${INSTALL}'
INSTALL_STRIP_PROGRAM='$(install_sh) -c -s'
INTLLIBS=''
INTL_MACOSX_LIBS=''
LCOV=''
LD='/bin/ld -m elf_x86_64'
LDFLAGS=' -Wl,-z,relro,-z,now,-O1'
LEX='${SHELL} /home/centos/gnucobol-3.0-rc1/build_aux/missing flex'
LEXLIB=''
LEX_OUTPUT_ROOT=''
LIBCOB_LIBS='-lm -lgmp -lncursesw -ldl'
LIBICONV='-liconv'
LIBINTL=''
LIBOBJS=''
LIBS=''
LIBTOOL='$(SHELL) $(top_builddir)/libtool'
LIPO=''
LN_S='ln -s'
LTLIBICONV='-liconv'
LTLIBINTL=''
LTLIBOBJS=''
LT_SYS_LIBRARY_PATH=''
MAKEINFO='${SHELL} /home/centos/gnucobol-3.0-rc1/build_aux/missing makeinfo'
MANIFEST_TOOL=':'
MKDIR_P='/bin/mkdir -p'
MSGFMT='/bin/msgfmt'
MSGFMT_015='/bin/msgfmt'
MSGMERGE='/bin/msgmerge'
NM='/bin/nm -B'
NMEDIT=''
OBJDUMP='objdump'
OBJEXT='o'
OTOOL64=''
OTOOL=''
PACKAGE='gnucobol'
PACKAGE_BUGREPORT='bug-gnucobol@gnu.org'
PACKAGE_NAME='GnuCOBOL'
PACKAGE_STRING='GnuCOBOL 3.0-rc1'
PACKAGE_TARNAME='gnucobol'
PACKAGE_URL='https://www.gnu.org/software/gnucobol/'
PACKAGE_VERSION='3.0-rc1'
PATH_SEPARATOR=':'
POSUB='po'
RANLIB='ranlib'
SED='/bin/sed'
SET_MAKE=''
SHELL='/bin/sh'
STRIP='strip'
USE_NLS='yes'
VERSION='3.0-rc1'
XGETTEXT='/bin/xgettext'
XGETTEXT_015='/bin/xgettext'
XGETTEXT_EXTRA_OPTIONS=''
YACC='yacc'
YFLAGS=''
ac_ct_AR='ar'
ac_ct_CC='gcc'
ac_ct_DUMPBIN=''
am__EXEEXT_FALSE=''
am__EXEEXT_TRUE='#'
am__fastdepCC_FALSE='#'
am__fastdepCC_TRUE=''
am__include='include'
am__isrc=''
am__leading_dot='.'
am__nodep='_no'
am__quote=''
am__tar='$${TAR-tar} chof - "$$tardir"'
am__untar='$${TAR-tar} xf -'
bindir='${exec_prefix}/bin'
build='x86_64-pc-linux-gnu'
build_alias=''
build_cpu='x86_64'
build_os='linux-gnu'
build_vendor='pc'
check-code-coverage:
code-coverage-capture-hook:
code-coverage-capture: code-coverage-capture-hook
code_coverage_quiet = $(code_coverage_quiet_$(V))
code_coverage_quiet_ = $(code_coverage_quiet_$(AM_DEFAULT_VERBOSITY))
code_coverage_quiet_0 = --quiet
code_coverage_sanitize = $(subst -,_,$(subst .,_,$(1)))
code_coverage_v_genhtml = $(code_coverage_v_genhtml_$(V))
code_coverage_v_genhtml_ = $(code_coverage_v_genhtml_$(AM_DEFAULT_VERBOSITY))
code_coverage_v_genhtml_0 = @echo "  GEN   " $(CODE_COVERAGE_OUTPUT_DIRECTORY);
code_coverage_v_lcov_cap = $(code_coverage_v_lcov_cap_$(V))
code_coverage_v_lcov_cap_ = $(code_coverage_v_lcov_cap_$(AM_DEFAULT_VERBOSITY))
code_coverage_v_lcov_cap_0 = @echo "  LCOV   --capture"\
code_coverage_v_lcov_ign = $(code_coverage_v_lcov_ign_$(V))
code_coverage_v_lcov_ign_ = $(code_coverage_v_lcov_ign_$(AM_DEFAULT_VERBOSITY))
code_coverage_v_lcov_ign_0 = @echo "  LCOV   --remove /tmp/*"\
datadir='${datarootdir}'
datarootdir='${prefix}/share'
docdir='${datarootdir}/doc/${PACKAGE_TARNAME}'
dvidir='${docdir}'
exec_prefix='${prefix}'
host='x86_64-pc-linux-gnu'
host_alias=''
host_cpu='x86_64'
host_os='linux-gnu'
host_vendor='pc'
htmldir='${docdir}'
includedir='${prefix}/include'
infodir='${datarootdir}/info'
install_sh='${SHELL} /home/centos/gnucobol-3.0-rc1/build_aux/install-sh'
libdir='${exec_prefix}/lib'
libexecdir='${exec_prefix}/libexec'
localedir='${datarootdir}/locale'
localstatedir='${prefix}/var'
mandir='${datarootdir}/man'
mkdir_p='$(MKDIR_P)'
oldincludedir='/usr/include'
pdfdir='${docdir}'
prefix='/usr/local'
program_transform_name='s,x,x,'
psdir='${docdir}'
sbindir='${exec_prefix}/sbin'
sharedstatedir='${prefix}/com'
sysconfdir='${prefix}/etc'
target_alias=''

## ----------- ##
## confdefs.h. ##
## ----------- ##

/* confdefs.h */
#define PACKAGE_NAME "GnuCOBOL"
#define PACKAGE_TARNAME "gnucobol"
#define PACKAGE_VERSION "3.0-rc1"
#define PACKAGE_STRING "GnuCOBOL 3.0-rc1"
#define PACKAGE_BUGREPORT "bug-gnucobol@gnu.org"
#define PACKAGE_URL "https://www.gnu.org/software/gnucobol/"
#define PACKAGE "gnucobol"
#define VERSION "3.0-rc1"
#define PATCH_LEVEL 0
#define MAX_CALL_FIELD_PARAMS 192
#define STDC_HEADERS 1
#define HAVE_SYS_TYPES_H 1
#define HAVE_SYS_STAT_H 1
#define HAVE_STDLIB_H 1
#define HAVE_STRING_H 1
#define HAVE_MEMORY_H 1
#define HAVE_STRINGS_H 1
#define HAVE_INTTYPES_H 1
#define HAVE_STDINT_H 1
#define HAVE_UNISTD_H 1
#define __EXTENSIONS__ 1
#define _ALL_SOURCE 1
#define _GNU_SOURCE 1
#define _POSIX_PTHREAD_SEMANTICS 1
#define _TANDEM_SOURCE 1
#define HAVE_DLFCN_H 1
#define LT_OBJDIR ".libs/"
#define STDC_HEADERS 1
#define HAVE_STDINT_H 1
#define HAVE_SYS_TYPES_H 1
#define HAVE_SIGNAL_H 1
#define HAVE_FCNTL_H 1
#define HAVE_MALLOC_H 1
#define HAVE_LOCALE_H 1
#define HAVE_STDDEF_H 1
#define HAVE_WCHAR_H 1
#define HAVE_DLFCN_H 1
#define HAVE_SYS_TIME_H 1
#define HAVE_SYS_WAIT_H 1
#define HAVE_SIG_ATOMIC_T 1
#define COB_KEYWORD_INLINE __inline
#define HAVE_VPRINTF 1
#define HAVE_MEMMOVE 1
#define HAVE_MEMSET 1
#define HAVE_SETLOCALE 1
#define HAVE_FCNTL 1
#define HAVE_STRERROR 1
#define HAVE_STRCASECMP 1
#define HAVE_STRCHR 1
#define HAVE_STRRCHR 1
#define HAVE_STRDUP 1
#define HAVE_STRSTR 1
#define HAVE_STRTOL 1
#define HAVE_GETTIMEOFDAY 1
#define HAVE_LOCALECONV 1
#define HAVE_READLINK 1
#define HAVE_CANONICALIZE_FILE_NAME 1
#define HAVE_REALPATH 1
#define HAVE_STRCOLL 1
#define HAVE_STRXFRM 1
#define HAVE_SETENV 1
#define HAVE_RAISE 1
#define HAVE_TIMEZONE 1
#define HAVE_DESIGNATED_INITS 1
#define WITH_VARSEQ 0
#define HAVE_GMP_H 1
#define HAVE_MP_GET_MEMORY_FUNCTIONS 1
#define HAVE_NANO_SLEEP 1
#define HAVE_CLOCK_GETTIME 1
#define HAVE_ISFINITE 1
#define HAVE_FDATASYNC 1
#define HAVE_SIGACTION 1
#define ENABLE_NLS 1
#define HAVE_GETTEXT 1
#define HAVE_DCGETTEXT 1
#define HAVE_LANGINFO_CODESET 1
#define HAVE_LIBNCURSESW 1
#define HAVE_NCURSESW_NCURSES_H 1
#define WITH_CURSES "ncursesw"
#define HAVE_CURSES_FREEALL 1
#define HAVE_USE_LEGACY_CODING 1
#define HAVE_COLOR_SET 1
#define HAVE_DEFINE_KEY 1
#define USE_LIBDL 1
#define HAVE_DLADDR 1
#define COB_COMPUTED_GOTO 1
#define COB_LI_IS_LL 1
#define COB_64_BIT_POINTER 1
#define HAVE_ATTRIBUTE_ALIGNED 1
#define COB_EXPORT_DYN "-Wl,--export-dynamic"
#define COB_PIC_FLAGS "-fPIC -DPIC"
#define COB_SHARED_OPT "-shared"
#define COB_OBJECT_EXT "o"
#define COB_MODULE_EXT "so"
#define COB_EXE_EXT ""
#define COB_STRIP_CMD "strip --strip-unneeded"

configure: exit 0
